2022-04-12 18:47:41 [main] INFO  c.m.demo.config.server.ConfigServer - Starting ConfigServer using Java 11.0.14.1 on wondercrunch-K53TK with PID 24146 (/home/wondercrunch/event-driven-microservices-course/microservices-demo/config-server/target/classes started by wondercrunch in /home/wondercrunch/event-driven-microservices-course/microservices-demo)
2022-04-12 18:47:41 [main] INFO  c.m.demo.config.server.ConfigServer - No active profile set, falling back to 1 default profile: "default"
2022-04-12 18:47:41 [background-preinit] INFO  o.h.validator.internal.util.Version - HV000001: Hibernate Validator 6.2.3.Final
2022-04-12 18:47:47 [main] INFO  o.s.cloud.context.scope.GenericScope - BeanFactory id=4203d57d-7515-37c3-887c-c79e721e8373
2022-04-12 18:47:49 [main] INFO  o.s.b.w.e.tomcat.TomcatWebServer - Tomcat initialized with port(s): 8888 (http)
2022-04-12 18:47:49 [main] INFO  o.a.coyote.http11.Http11NioProtocol - Initializing ProtocolHandler ["http-nio-8888"]
2022-04-12 18:47:49 [main] INFO  o.a.catalina.core.StandardService - Starting service [Tomcat]
2022-04-12 18:47:49 [main] INFO  o.a.catalina.core.StandardEngine - Starting Servlet engine: [Apache Tomcat/9.0.60]
2022-04-12 18:47:50 [main] INFO  o.a.c.c.C.[Tomcat].[localhost].[/] - Initializing Spring embedded WebApplicationContext
2022-04-12 18:47:50 [main] INFO  o.s.b.w.s.c.ServletWebServerApplicationContext - Root WebApplicationContext: initialization completed in 8560 ms
2022-04-12 18:47:59 [main] INFO  o.a.coyote.http11.Http11NioProtocol - Starting ProtocolHandler ["http-nio-8888"]
2022-04-12 18:47:59 [main] INFO  o.s.b.w.e.tomcat.TomcatWebServer - Tomcat started on port(s): 8888 (http) with context path ''
2022-04-12 18:47:59 [main] INFO  c.m.demo.config.server.ConfigServer - Started ConfigServer in 25.479 seconds (JVM running for 38.936)
2022-04-12 18:49:27 [http-nio-8888-exec-1] INFO  o.a.c.c.C.[Tomcat].[localhost].[/] - Initializing Spring DispatcherServlet 'dispatcherServlet'
2022-04-12 18:49:27 [http-nio-8888-exec-1] INFO  o.s.web.servlet.DispatcherServlet - Initializing Servlet 'dispatcherServlet'
2022-04-12 18:49:27 [http-nio-8888-exec-1] INFO  o.s.web.servlet.DispatcherServlet - Completed initialization in 10 ms
2022-04-12 18:49:29 [http-nio-8888-exec-1] INFO  o.s.c.c.s.e.NativeEnvironmentRepository - Adding property source: Config resource 'file [/tmp/config-repo-11299913049796500342/config-client-twitter_to_kafka.yml]' via location 'file:/tmp/config-repo-11299913049796500342/'
2022-04-12 18:49:29 [http-nio-8888-exec-1] INFO  o.s.c.c.s.e.NativeEnvironmentRepository - Adding property source: Config resource 'file [/tmp/config-repo-11299913049796500342/config-client.yml]' via location 'file:/tmp/config-repo-11299913049796500342/'
2022-04-12 19:04:49 [background-preinit] INFO  o.h.validator.internal.util.Version - HV000001: Hibernate Validator 6.2.3.Final
2022-04-12 19:04:49 [main] INFO  c.m.demo.config.server.ConfigServer - Starting ConfigServer using Java 11.0.14.1 on wondercrunch-K53TK with PID 24945 (/home/wondercrunch/event-driven-microservices-course/microservices-demo/config-server/target/classes started by wondercrunch in /home/wondercrunch/event-driven-microservices-course/microservices-demo)
2022-04-12 19:04:49 [main] INFO  c.m.demo.config.server.ConfigServer - No active profile set, falling back to 1 default profile: "default"
2022-04-12 19:04:54 [main] INFO  o.s.cloud.context.scope.GenericScope - BeanFactory id=1c7df4a5-d083-3c27-82fd-64180fd3386d
2022-04-12 19:04:55 [main] INFO  o.s.b.w.e.tomcat.TomcatWebServer - Tomcat initialized with port(s): 8888 (http)
2022-04-12 19:04:55 [main] INFO  o.a.coyote.http11.Http11NioProtocol - Initializing ProtocolHandler ["http-nio-8888"]
2022-04-12 19:04:55 [main] INFO  o.a.catalina.core.StandardService - Starting service [Tomcat]
2022-04-12 19:04:55 [main] INFO  o.a.catalina.core.StandardEngine - Starting Servlet engine: [Apache Tomcat/9.0.60]
2022-04-12 19:04:56 [main] INFO  o.a.c.c.C.[Tomcat].[localhost].[/] - Initializing Spring embedded WebApplicationContext
2022-04-12 19:04:56 [main] INFO  o.s.b.w.s.c.ServletWebServerApplicationContext - Root WebApplicationContext: initialization completed in 6529 ms
2022-04-12 19:04:58 [main] WARN  o.s.s.c.a.web.builders.WebSecurity - You are asking Spring Security to ignore Ant [pattern='/encrypt/**']. This is not recommended -- please use permitAll via HttpSecurity#authorizeHttpRequests instead.
2022-04-12 19:04:58 [main] INFO  o.s.s.web.DefaultSecurityFilterChain - Will secure Ant [pattern='/encrypt/**'] with []
2022-04-12 19:04:58 [main] WARN  o.s.s.c.a.web.builders.WebSecurity - You are asking Spring Security to ignore Ant [pattern='/decrypt/**']. This is not recommended -- please use permitAll via HttpSecurity#authorizeHttpRequests instead.
2022-04-12 19:04:58 [main] INFO  o.s.s.web.DefaultSecurityFilterChain - Will secure Ant [pattern='/decrypt/**'] with []
2022-04-12 19:04:58 [main] INFO  o.s.s.web.DefaultSecurityFilterChain - Will not secure any request
2022-04-12 19:05:05 [main] INFO  o.a.coyote.http11.Http11NioProtocol - Starting ProtocolHandler ["http-nio-8888"]
2022-04-12 19:05:05 [main] INFO  o.s.b.w.e.tomcat.TomcatWebServer - Tomcat started on port(s): 8888 (http) with context path ''
2022-04-12 19:05:06 [main] INFO  c.m.demo.config.server.ConfigServer - Started ConfigServer in 22.566 seconds (JVM running for 27.342)
2022-04-12 19:12:36 [http-nio-8888-exec-2] INFO  o.a.c.c.C.[Tomcat].[localhost].[/] - Initializing Spring DispatcherServlet 'dispatcherServlet'
2022-04-12 19:12:36 [http-nio-8888-exec-2] INFO  o.s.web.servlet.DispatcherServlet - Initializing Servlet 'dispatcherServlet'
2022-04-12 19:12:36 [http-nio-8888-exec-2] INFO  o.s.web.servlet.DispatcherServlet - Completed initialization in 7 ms
2022-04-12 19:12:36 [http-nio-8888-exec-2] WARN  o.s.w.s.m.s.DefaultHandlerExceptionResolver - Resolved [org.springframework.web.HttpRequestMethodNotSupportedException: Request method 'GET' not supported]
2022-04-12 19:12:37 [http-nio-8888-exec-2] WARN  o.a.c.util.SessionIdGeneratorBase - Creation of SecureRandom instance for session ID generation using [SHA1PRNG] took [132] milliseconds.
2022-04-12 19:15:08 [http-nio-8888-exec-5] INFO  o.s.c.c.s.e.EncryptionController - Encrypted data
2022-04-12 19:15:22 [http-nio-8888-exec-6] INFO  o.s.c.c.s.e.EncryptionController - Decrypted cipher data
