2022-04-15 11:27:23 [main] INFO  c.m.d.t.TwitterToKafkaServiceApplication - Starting TwitterToKafkaServiceApplication v0.0.1-SNAPSHOT using Java 11.0.14.1 on 7f6509abb699 with PID 438 (/workspace/BOOT-INF/classes started by root in /workspace)
2022-04-15 11:27:23 [main] INFO  c.m.d.t.TwitterToKafkaServiceApplication - The following 1 profile is active: "twitter_to_kafka"
2022-04-15 11:27:23 [main] INFO  o.s.b.c.config.ConfigDataLoader - Fetching config from server at : http://config-server:8888
2022-04-15 11:27:23 [main] INFO  o.s.b.c.config.ConfigDataLoader - Located environment: name=twitter-to-kafka-service,config-client, profiles=[twitter_to_kafka], label=null, version=695d1f7b96450e8cc7326027660eae0267993f1f, state=null
2022-04-15 11:27:27 [main] INFO  o.s.cloud.context.scope.GenericScope - BeanFactory id=90963407-e2bb-3fa1-a3f2-ffad1ddf1c4e
2022-04-15 11:27:30 [main] INFO  o.a.k.c.admin.AdminClientConfig - AdminClientConfig values: 
	bootstrap.servers = [kafka-broker-1:9092, kafka-broker-2:9092, kafka-broker-3:9092]
	client.dns.lookup = use_all_dns_ips
	client.id = 
	connections.max.idle.ms = 300000
	default.api.timeout.ms = 60000
	metadata.max.age.ms = 300000
	metric.reporters = []
	metrics.num.samples = 2
	metrics.recording.level = INFO
	metrics.sample.window.ms = 30000
	receive.buffer.bytes = 65536
	reconnect.backoff.max.ms = 1000
	reconnect.backoff.ms = 50
	request.timeout.ms = 30000
	retries = 2147483647
	retry.backoff.ms = 100
	sasl.client.callback.handler.class = null
	sasl.jaas.config = null
	sasl.kerberos.kinit.cmd = /usr/bin/kinit
	sasl.kerberos.min.time.before.relogin = 60000
	sasl.kerberos.service.name = null
	sasl.kerberos.ticket.renew.jitter = 0.05
	sasl.kerberos.ticket.renew.window.factor = 0.8
	sasl.login.callback.handler.class = null
	sasl.login.class = null
	sasl.login.refresh.buffer.seconds = 300
	sasl.login.refresh.min.period.seconds = 60
	sasl.login.refresh.window.factor = 0.8
	sasl.login.refresh.window.jitter = 0.05
	sasl.mechanism = GSSAPI
	security.protocol = PLAINTEXT
	security.providers = null
	send.buffer.bytes = 131072
	socket.connection.setup.timeout.max.ms = 30000
	socket.connection.setup.timeout.ms = 10000
	ssl.cipher.suites = null
	ssl.enabled.protocols = [TLSv1.2, TLSv1.3]
	ssl.endpoint.identification.algorithm = https
	ssl.engine.factory.class = null
	ssl.key.password = null
	ssl.keymanager.algorithm = SunX509
	ssl.keystore.certificate.chain = null
	ssl.keystore.key = null
	ssl.keystore.location = null
	ssl.keystore.password = null
	ssl.keystore.type = JKS
	ssl.protocol = TLSv1.3
	ssl.provider = null
	ssl.secure.random.implementation = null
	ssl.trustmanager.algorithm = PKIX
	ssl.truststore.certificates = null
	ssl.truststore.location = null
	ssl.truststore.password = null
	ssl.truststore.type = JKS

2022-04-15 11:27:31 [main] INFO  o.a.kafka.common.utils.AppInfoParser - Kafka version: 3.0.1
2022-04-15 11:27:31 [main] INFO  o.a.kafka.common.utils.AppInfoParser - Kafka commitId: 8e30984f43e64d8b
2022-04-15 11:27:31 [main] INFO  o.a.kafka.common.utils.AppInfoParser - Kafka startTimeMs: 1650022051914
2022-04-15 11:27:35 [main] INFO  o.s.b.a.s.r.ReactiveUserDetailsServiceAutoConfiguration - 

Using generated security password: a21f5647-2e01-48ed-9ef2-3c063ccaeec8

2022-04-15 11:27:38 [main] INFO  o.s.b.w.e.netty.NettyWebServer - Netty started on port 8181
2022-04-15 11:27:38 [main] INFO  c.m.d.t.TwitterToKafkaServiceApplication - Started TwitterToKafkaServiceApplication in 34.511 seconds (JVM running for 43.43)
2022-04-15 11:27:38 [main] INFO  c.m.d.t.TwitterToKafkaServiceApplication - App startup
2022-04-15 11:27:48 [main] INFO  c.m.d.k.a.config.KafkaAdminConfig - Creating 1 topics, attempt 0
2022-04-15 11:27:48 [main] INFO  c.m.d.k.a.config.KafkaAdminConfig - Reading kafka topic [twitter-topic], attempt 0
2022-04-15 11:27:59 [main] INFO  c.m.d.k.a.config.KafkaAdminConfig - Topic with name twitter-topic
2022-04-15 11:27:59 [main] INFO  c.m.d.k.a.config.KafkaAdminConfig - Topic with name _schemas
2022-04-15 11:28:12 [main] INFO  c.m.d.t.i.i.KafkaStreamInitializer - Topics with name twitter-topic are ready for operations
2022-04-15 11:28:12 [main] INFO  c.m.d.t.r.impl.MockKafkaStreamRunner - Starting mock filtering twitter streams for keywords [Java, Microservices, Spring, Kafka, Elasticsearch]
2022-04-15 11:28:12 [pool-3-thread-1] INFO  c.m.d.t.l.TwitterToKafkaStatusListener - Twitter status with text: "urna non ut urna Spring habitant pellentesque"
2022-04-15 11:28:12 [pool-3-thread-1] INFO  c.m.d.k.p.s.i.TwitterKafkaProducer - Sending message '{"userId": 7916701773377594664, "id": 3737204871397208653, "text": "urna non ut urna Spring habitant pellentesque", "createdAt": 1650022092000}' to topic 'twitter-topic'
2022-04-15 11:28:12 [pool-3-thread-1] INFO  o.a.k.c.producer.ProducerConfig - ProducerConfig values: 
	acks = -1
	batch.size = 1638400
	bootstrap.servers = [kafka-broker-1:9092, kafka-broker-2:9092, kafka-broker-3:9092]
	buffer.memory = 33554432
	client.dns.lookup = use_all_dns_ips
	client.id = producer-1
	compression.type = snappy
	connections.max.idle.ms = 540000
	delivery.timeout.ms = 120000
	enable.idempotence = true
	interceptor.classes = []
	key.serializer = class org.apache.kafka.common.serialization.LongSerializer
	linger.ms = 5
	max.block.ms = 60000
	max.in.flight.requests.per.connection = 5
	max.request.size = 1048576
	metadata.max.age.ms = 300000
	metadata.max.idle.ms = 300000
	metric.reporters = []
	metrics.num.samples = 2
	metrics.recording.level = INFO
	metrics.sample.window.ms = 30000
	partitioner.class = class org.apache.kafka.clients.producer.internals.DefaultPartitioner
	receive.buffer.bytes = 32768
	reconnect.backoff.max.ms = 1000
	reconnect.backoff.ms = 50
	request.timeout.ms = 60000
	retries = 5
	retry.backoff.ms = 100
	sasl.client.callback.handler.class = null
	sasl.jaas.config = null
	sasl.kerberos.kinit.cmd = /usr/bin/kinit
	sasl.kerberos.min.time.before.relogin = 60000
	sasl.kerberos.service.name = null
	sasl.kerberos.ticket.renew.jitter = 0.05
	sasl.kerberos.ticket.renew.window.factor = 0.8
	sasl.login.callback.handler.class = null
	sasl.login.class = null
	sasl.login.refresh.buffer.seconds = 300
	sasl.login.refresh.min.period.seconds = 60
	sasl.login.refresh.window.factor = 0.8
	sasl.login.refresh.window.jitter = 0.05
	sasl.mechanism = GSSAPI
	security.protocol = PLAINTEXT
	security.providers = null
	send.buffer.bytes = 131072
	socket.connection.setup.timeout.max.ms = 30000
	socket.connection.setup.timeout.ms = 10000
	ssl.cipher.suites = null
	ssl.enabled.protocols = [TLSv1.2, TLSv1.3]
	ssl.endpoint.identification.algorithm = https
	ssl.engine.factory.class = null
	ssl.key.password = null
	ssl.keymanager.algorithm = SunX509
	ssl.keystore.certificate.chain = null
	ssl.keystore.key = null
	ssl.keystore.location = null
	ssl.keystore.password = null
	ssl.keystore.type = JKS
	ssl.protocol = TLSv1.3
	ssl.provider = null
	ssl.secure.random.implementation = null
	ssl.trustmanager.algorithm = PKIX
	ssl.truststore.certificates = null
	ssl.truststore.location = null
	ssl.truststore.password = null
	ssl.truststore.type = JKS
	transaction.timeout.ms = 60000
	transactional.id = null
	value.serializer = class io.confluent.kafka.serializers.KafkaAvroSerializer

2022-04-15 11:28:12 [pool-3-thread-1] INFO  i.c.k.s.KafkaAvroSerializerConfig - KafkaAvroSerializerConfig values: 
	auto.register.schemas = true
	avro.reflection.allow.null = false
	avro.remove.java.properties = false
	avro.use.logical.type.converters = false
	basic.auth.credentials.source = URL
	basic.auth.user.info = [hidden]
	bearer.auth.credentials.source = STATIC_TOKEN
	bearer.auth.token = [hidden]
	context.name.strategy = class io.confluent.kafka.serializers.context.NullContextNameStrategy
	id.compatibility.strict = true
	key.subject.name.strategy = class io.confluent.kafka.serializers.subject.TopicNameStrategy
	latest.compatibility.strict = true
	max.schemas.per.subject = 1000
	normalize.schemas = false
	proxy.host = 
	proxy.port = -1
	schema.reflection = false
	schema.registry.basic.auth.user.info = [hidden]
	schema.registry.ssl.cipher.suites = null
	schema.registry.ssl.enabled.protocols = [TLSv1.2, TLSv1.3]
	schema.registry.ssl.endpoint.identification.algorithm = https
	schema.registry.ssl.engine.factory.class = null
	schema.registry.ssl.key.password = null
	schema.registry.ssl.keymanager.algorithm = SunX509
	schema.registry.ssl.keystore.certificate.chain = null
	schema.registry.ssl.keystore.key = null
	schema.registry.ssl.keystore.location = null
	schema.registry.ssl.keystore.password = null
	schema.registry.ssl.keystore.type = JKS
	schema.registry.ssl.protocol = TLSv1.3
	schema.registry.ssl.provider = null
	schema.registry.ssl.secure.random.implementation = null
	schema.registry.ssl.trustmanager.algorithm = PKIX
	schema.registry.ssl.truststore.certificates = null
	schema.registry.ssl.truststore.location = null
	schema.registry.ssl.truststore.password = null
	schema.registry.ssl.truststore.type = JKS
	schema.registry.url = [http://schema-registry:8081]
	use.latest.version = false
	use.schema.id = -1
	value.subject.name.strategy = class io.confluent.kafka.serializers.subject.TopicNameStrategy

2022-04-15 11:28:13 [pool-3-thread-1] INFO  o.a.k.clients.producer.KafkaProducer - [Producer clientId=producer-1] Instantiated an idempotent producer.
2022-04-15 11:28:13 [pool-3-thread-1] INFO  o.a.kafka.common.utils.AppInfoParser - Kafka version: 3.0.1
2022-04-15 11:28:13 [pool-3-thread-1] INFO  o.a.kafka.common.utils.AppInfoParser - Kafka commitId: 8e30984f43e64d8b
2022-04-15 11:28:13 [pool-3-thread-1] INFO  o.a.kafka.common.utils.AppInfoParser - Kafka startTimeMs: 1650022093234
2022-04-15 11:28:13 [kafka-producer-network-thread | producer-1] INFO  org.apache.kafka.clients.Metadata - [Producer clientId=producer-1] Resetting the last seen epoch of partition twitter-topic-0 to 0 since the associated topicId changed from null to MpSzUcdHQM2paLVElOWz5g
2022-04-15 11:28:13 [kafka-producer-network-thread | producer-1] INFO  org.apache.kafka.clients.Metadata - [Producer clientId=producer-1] Resetting the last seen epoch of partition twitter-topic-1 to 0 since the associated topicId changed from null to MpSzUcdHQM2paLVElOWz5g
2022-04-15 11:28:13 [kafka-producer-network-thread | producer-1] INFO  org.apache.kafka.clients.Metadata - [Producer clientId=producer-1] Resetting the last seen epoch of partition twitter-topic-2 to 0 since the associated topicId changed from null to MpSzUcdHQM2paLVElOWz5g
2022-04-15 11:28:13 [kafka-producer-network-thread | producer-1] INFO  org.apache.kafka.clients.Metadata - [Producer clientId=producer-1] Cluster ID: XkD8xx62TJ-NhvXVCjaI0g
2022-04-15 11:28:13 [kafka-producer-network-thread | producer-1] INFO  o.a.k.c.p.i.TransactionManager - [Producer clientId=producer-1] ProducerId set to 0 with epoch 0
2022-04-15 11:28:25 [pool-3-thread-1] INFO  c.m.d.t.l.TwitterToKafkaStatusListener - Twitter status with text: "in lorem dictum tristique pellentesque rhoncus Microservices dictum id magna in"
2022-04-15 11:28:25 [pool-3-thread-1] INFO  c.m.d.k.p.s.i.TwitterKafkaProducer - Sending message '{"userId": 1937304515641713461, "id": 2151467522623694327, "text": "in lorem dictum tristique pellentesque rhoncus Microservices dictum id magna in", "createdAt": 1650022105000}' to topic 'twitter-topic'
2022-04-15 11:28:35 [pool-3-thread-1] INFO  c.m.d.t.l.TwitterToKafkaStatusListener - Twitter status with text: "non tristique odio semper bibendum pellentesque mi Microservices accumsan fames morbi aliquam augue lorem"
2022-04-15 11:28:35 [pool-3-thread-1] INFO  c.m.d.k.p.s.i.TwitterKafkaProducer - Sending message '{"userId": 7095845347659185178, "id": 4309934202602916469, "text": "non tristique odio semper bibendum pellentesque mi Microservices accumsan fames morbi aliquam augue lorem", "createdAt": 1650022115000}' to topic 'twitter-topic'
2022-04-15 11:28:45 [pool-3-thread-1] INFO  c.m.d.t.l.TwitterToKafkaStatusListener - Twitter status with text: "efficitur id accumsan et bibendum Elasticsearch nibh cursus ipsum"
2022-04-15 11:28:45 [pool-3-thread-1] INFO  c.m.d.k.p.s.i.TwitterKafkaProducer - Sending message '{"userId": 2208738838882557367, "id": 7389872099337445077, "text": "efficitur id accumsan et bibendum Elasticsearch nibh cursus ipsum", "createdAt": 1650022125000}' to topic 'twitter-topic'
2022-04-15 11:28:55 [pool-3-thread-1] INFO  c.m.d.t.l.TwitterToKafkaStatusListener - Twitter status with text: "elit mi nibh senectus Spring risus amet"
2022-04-15 11:28:55 [pool-3-thread-1] INFO  c.m.d.k.p.s.i.TwitterKafkaProducer - Sending message '{"userId": 1501002234884627801, "id": 7844678571243323999, "text": "elit mi nibh senectus Spring risus amet", "createdAt": 1650022135000}' to topic 'twitter-topic'
2022-04-15 11:29:05 [pool-3-thread-1] INFO  c.m.d.t.l.TwitterToKafkaStatusListener - Twitter status with text: "augue phasellus sem Java at sit"
2022-04-15 11:29:05 [pool-3-thread-1] INFO  c.m.d.k.p.s.i.TwitterKafkaProducer - Sending message '{"userId": 1572163776558823543, "id": 38109177891699962, "text": "augue phasellus sem Java at sit", "createdAt": 1650022145000}' to topic 'twitter-topic'
2022-04-15 11:29:15 [pool-3-thread-1] INFO  c.m.d.t.l.TwitterToKafkaStatusListener - Twitter status with text: "risus morbi amet accumsan pellentesque Microservices ipsum et pellentesque sem"
2022-04-15 11:29:15 [pool-3-thread-1] INFO  c.m.d.k.p.s.i.TwitterKafkaProducer - Sending message '{"userId": 5415990377411870755, "id": 470986615797752206, "text": "risus morbi amet accumsan pellentesque Microservices ipsum et pellentesque sem", "createdAt": 1650022155000}' to topic 'twitter-topic'
2022-04-15 11:29:25 [pool-3-thread-1] INFO  c.m.d.t.l.TwitterToKafkaStatusListener - Twitter status with text: "netus finibus cursus Spring sem elit"
2022-04-15 11:29:25 [pool-3-thread-1] INFO  c.m.d.k.p.s.i.TwitterKafkaProducer - Sending message '{"userId": 7513668131928817881, "id": 1268962033294305977, "text": "netus finibus cursus Spring sem elit", "createdAt": 1650022165000}' to topic 'twitter-topic'
2022-04-15 11:29:35 [pool-3-thread-1] INFO  c.m.d.t.l.TwitterToKafkaStatusListener - Twitter status with text: "fames bibendum in id nibh Spring sit a amet"
2022-04-15 11:29:35 [pool-3-thread-1] INFO  c.m.d.k.p.s.i.TwitterKafkaProducer - Sending message '{"userId": 2659545341463732923, "id": 5101020752550441977, "text": "fames bibendum in id nibh Spring sit a amet", "createdAt": 1650022175000}' to topic 'twitter-topic'
2022-04-15 11:29:45 [pool-3-thread-1] INFO  c.m.d.t.l.TwitterToKafkaStatusListener - Twitter status with text: "malesuada et cras lorem urna felis feugiat Spring urna magna cras consectetur in amet"
2022-04-15 11:29:45 [pool-3-thread-1] INFO  c.m.d.k.p.s.i.TwitterKafkaProducer - Sending message '{"userId": 471887304767994656, "id": 5840896611967788081, "text": "malesuada et cras lorem urna felis feugiat Spring urna magna cras consectetur in amet", "createdAt": 1650022185000}' to topic 'twitter-topic'
2022-04-15 11:29:55 [pool-3-thread-1] INFO  c.m.d.t.l.TwitterToKafkaStatusListener - Twitter status with text: "cras id ut semper Elasticsearch nibh felis ut"
2022-04-15 11:29:55 [pool-3-thread-1] INFO  c.m.d.k.p.s.i.TwitterKafkaProducer - Sending message '{"userId": 6709299542441790619, "id": 5152057522179185701, "text": "cras id ut semper Elasticsearch nibh felis ut", "createdAt": 1650022195000}' to topic 'twitter-topic'
2022-04-15 11:30:05 [pool-3-thread-1] INFO  c.m.d.t.l.TwitterToKafkaStatusListener - Twitter status with text: "lectus ipsum morbi cras Kafka pellentesque morbi morbi"
2022-04-15 11:30:05 [pool-3-thread-1] INFO  c.m.d.k.p.s.i.TwitterKafkaProducer - Sending message '{"userId": 2298946582286964372, "id": 3708157481223378963, "text": "lectus ipsum morbi cras Kafka pellentesque morbi morbi", "createdAt": 1650022205000}' to topic 'twitter-topic'
2022-04-15 11:30:15 [pool-3-thread-1] INFO  c.m.d.t.l.TwitterToKafkaStatusListener - Twitter status with text: "consectetur dapibus dui non Elasticsearch venenatis lectus"
2022-04-15 11:30:15 [pool-3-thread-1] INFO  c.m.d.k.p.s.i.TwitterKafkaProducer - Sending message '{"userId": 9039790401895325298, "id": 1753526076092825552, "text": "consectetur dapibus dui non Elasticsearch venenatis lectus", "createdAt": 1650022215000}' to topic 'twitter-topic'
2022-04-15 11:30:25 [pool-3-thread-1] INFO  c.m.d.t.l.TwitterToKafkaStatusListener - Twitter status with text: "morbi senectus semper senectus Microservices lectus morbi turpis"
2022-04-15 11:30:25 [pool-3-thread-1] INFO  c.m.d.k.p.s.i.TwitterKafkaProducer - Sending message '{"userId": 7604236967596046984, "id": 6977981403471392350, "text": "morbi senectus semper senectus Microservices lectus morbi turpis", "createdAt": 1650022225000}' to topic 'twitter-topic'
2022-04-15 11:30:35 [pool-3-thread-1] INFO  c.m.d.t.l.TwitterToKafkaStatusListener - Twitter status with text: "felis ac cras nisl mi Spring non ac risus"
2022-04-15 11:30:35 [pool-3-thread-1] INFO  c.m.d.k.p.s.i.TwitterKafkaProducer - Sending message '{"userId": 1224880473572170597, "id": 8757558184620163922, "text": "felis ac cras nisl mi Spring non ac risus", "createdAt": 1650022235000}' to topic 'twitter-topic'
2022-04-15 11:30:45 [pool-3-thread-1] INFO  c.m.d.t.l.TwitterToKafkaStatusListener - Twitter status with text: "dictum urna augue id lectus sed mi Spring consectetur elit dui lectus rhoncus"
2022-04-15 11:30:45 [pool-3-thread-1] INFO  c.m.d.k.p.s.i.TwitterKafkaProducer - Sending message '{"userId": 7179076813784660820, "id": 912567090051656877, "text": "dictum urna augue id lectus sed mi Spring consectetur elit dui lectus rhoncus", "createdAt": 1650022245000}' to topic 'twitter-topic'
2022-04-15 11:30:55 [pool-3-thread-1] INFO  c.m.d.t.l.TwitterToKafkaStatusListener - Twitter status with text: "in euismod dolor risus dolor magna elit morbi Java mi lectus malesuada morbi et venenatis"
2022-04-15 11:30:55 [pool-3-thread-1] INFO  c.m.d.k.p.s.i.TwitterKafkaProducer - Sending message '{"userId": 1369354138126999049, "id": 2761823556028592687, "text": "in euismod dolor risus dolor magna elit morbi Java mi lectus malesuada morbi et venenatis", "createdAt": 1650022255000}' to topic 'twitter-topic'
2022-04-15 11:31:05 [pool-3-thread-1] INFO  c.m.d.t.l.TwitterToKafkaStatusListener - Twitter status with text: "non aliquam amet mi cursus Spring nisl dapibus sem efficitur"
2022-04-15 11:31:05 [pool-3-thread-1] INFO  c.m.d.k.p.s.i.TwitterKafkaProducer - Sending message '{"userId": 6907282998254380809, "id": 6961048868683388729, "text": "non aliquam amet mi cursus Spring nisl dapibus sem efficitur", "createdAt": 1650022265000}' to topic 'twitter-topic'
2022-04-15 11:31:15 [pool-3-thread-1] INFO  c.m.d.t.l.TwitterToKafkaStatusListener - Twitter status with text: "lorem egestas ut sit phasellus Spring feugiat morbi finibus ac"
2022-04-15 11:31:15 [pool-3-thread-1] INFO  c.m.d.k.p.s.i.TwitterKafkaProducer - Sending message '{"userId": 5459929126864791752, "id": 8422051148002232281, "text": "lorem egestas ut sit phasellus Spring feugiat morbi finibus ac", "createdAt": 1650022275000}' to topic 'twitter-topic'
2022-04-15 11:31:25 [pool-3-thread-1] INFO  c.m.d.t.l.TwitterToKafkaStatusListener - Twitter status with text: "augue at sit finibus a semper netus aliquam Elasticsearch nisl nisl fames netus finibus dapibus"
2022-04-15 11:31:25 [pool-3-thread-1] INFO  c.m.d.k.p.s.i.TwitterKafkaProducer - Sending message '{"userId": 9102472017439231023, "id": 561257331512995786, "text": "augue at sit finibus a semper netus aliquam Elasticsearch nisl nisl fames netus finibus dapibus", "createdAt": 1650022285000}' to topic 'twitter-topic'
2022-04-15 11:31:35 [pool-3-thread-1] INFO  c.m.d.t.l.TwitterToKafkaStatusListener - Twitter status with text: "mi finibus egestas augue nisl aliquam Java dapibus efficitur phasellus turpis sem"
2022-04-15 11:31:35 [pool-3-thread-1] INFO  c.m.d.k.p.s.i.TwitterKafkaProducer - Sending message '{"userId": 4294021115107394806, "id": 3034959025058715687, "text": "mi finibus egestas augue nisl aliquam Java dapibus efficitur phasellus turpis sem", "createdAt": 1650022295000}' to topic 'twitter-topic'
2022-04-15 11:31:45 [pool-3-thread-1] INFO  c.m.d.t.l.TwitterToKafkaStatusListener - Twitter status with text: "amet tristique morbi felis lectus adipiscing accumsan Kafka feugiat risus urna accumsan adipiscing"
2022-04-15 11:31:45 [pool-3-thread-1] INFO  c.m.d.k.p.s.i.TwitterKafkaProducer - Sending message '{"userId": 3812859958855908525, "id": 4438341853478765769, "text": "amet tristique morbi felis lectus adipiscing accumsan Kafka feugiat risus urna accumsan adipiscing", "createdAt": 1650022305000}' to topic 'twitter-topic'
2022-04-15 11:31:55 [pool-3-thread-1] INFO  c.m.d.t.l.TwitterToKafkaStatusListener - Twitter status with text: "consectetur lectus elit nibh ac Kafka amet efficitur augue urna"
2022-04-15 11:31:55 [pool-3-thread-1] INFO  c.m.d.k.p.s.i.TwitterKafkaProducer - Sending message '{"userId": 4029211445761810075, "id": 3112320965342514103, "text": "consectetur lectus elit nibh ac Kafka amet efficitur augue urna", "createdAt": 1650022315000}' to topic 'twitter-topic'
2022-04-15 11:32:05 [pool-3-thread-1] INFO  c.m.d.t.l.TwitterToKafkaStatusListener - Twitter status with text: "nibh morbi lectus sem bibendum dolor dictum Elasticsearch cras euismod in turpis rhoncus elit"
2022-04-15 11:32:05 [pool-3-thread-1] INFO  c.m.d.k.p.s.i.TwitterKafkaProducer - Sending message '{"userId": 1218695470082342082, "id": 961859594861888593, "text": "nibh morbi lectus sem bibendum dolor dictum Elasticsearch cras euismod in turpis rhoncus elit", "createdAt": 1650022325000}' to topic 'twitter-topic'
2022-04-15 11:32:15 [pool-3-thread-1] INFO  c.m.d.t.l.TwitterToKafkaStatusListener - Twitter status with text: "amet lectus ut elit Java pellentesque nibh et"
2022-04-15 11:32:15 [pool-3-thread-1] INFO  c.m.d.k.p.s.i.TwitterKafkaProducer - Sending message '{"userId": 4484555232355843559, "id": 5209108887996690463, "text": "amet lectus ut elit Java pellentesque nibh et", "createdAt": 1650022335000}' to topic 'twitter-topic'
2022-04-15 11:32:25 [pool-3-thread-1] INFO  c.m.d.t.l.TwitterToKafkaStatusListener - Twitter status with text: "pellentesque felis semper turpis Java pellentesque nisl consectetur"
2022-04-15 11:32:25 [pool-3-thread-1] INFO  c.m.d.k.p.s.i.TwitterKafkaProducer - Sending message '{"userId": 8623859065136170937, "id": 2469684308110650436, "text": "pellentesque felis semper turpis Java pellentesque nisl consectetur", "createdAt": 1650022345000}' to topic 'twitter-topic'
2022-04-15 11:32:35 [pool-3-thread-1] INFO  c.m.d.t.l.TwitterToKafkaStatusListener - Twitter status with text: "et fames habitant Spring non aliquam"
2022-04-15 11:32:35 [pool-3-thread-1] INFO  c.m.d.k.p.s.i.TwitterKafkaProducer - Sending message '{"userId": 5489929762608000479, "id": 6318737708757996549, "text": "et fames habitant Spring non aliquam", "createdAt": 1650022355000}' to topic 'twitter-topic'
