2022-04-03 22:41:15 [main] INFO  c.m.d.t.TwitterToKafkaServiceApplication - Starting TwitterToKafkaServiceApplication using Java 11.0.14.1 on wondercrunch-K53TK with PID 8890 (/home/wondercrunch/event-driven-microservices-course/microservices-demo/twitter-to-kafka-service/target/classes started by wondercrunch in /home/wondercrunch/event-driven-microservices-course/microservices-demo)
2022-04-03 22:41:15 [main] INFO  c.m.d.t.TwitterToKafkaServiceApplication - No active profile set, falling back to 1 default profile: "default"
2022-04-03 22:41:18 [main] INFO  c.m.d.t.TwitterToKafkaServiceApplication - Started TwitterToKafkaServiceApplication in 5.678 seconds (JVM running for 9.441)
2022-04-03 22:41:18 [main] INFO  c.m.d.t.TwitterToKafkaServiceApplication - App startup
2022-04-03 22:41:18 [main] INFO  c.m.d.t.TwitterToKafkaServiceApplication - [Java, Microservices, Spring, Kafka, Elasticsearch]
2022-04-03 22:41:18 [main] INFO  c.m.d.t.TwitterToKafkaServiceApplication - welcome
2022-04-03 22:41:18 [main] INFO  c.m.d.t.r.i.TwitterToKafkaStreamRunner - Started filtering twitter stream for keywords: [Java, Microservices, Spring, Kafka, Elasticsearch]
2022-04-03 22:41:18 [Twitter Stream consumer /  [1][initializing]] INFO  twitter4j.TwitterStreamImpl - Establishing connection.
2022-04-03 22:41:40 [Twitter Stream consumer /  [1][Establishing connection]] INFO  twitter4j.TwitterStreamImpl - connect timed out
2022-04-03 22:41:40 [Twitter Stream consumer /  [1][Establishing connection]] INFO  twitter4j.TwitterStreamImpl - Waiting for 250 milliseconds
2022-04-03 22:41:40 [Twitter Stream consumer /  [1][Waiting for 250 milliseconds]] INFO  twitter4j.TwitterStreamImpl - Establishing connection.
2022-04-03 22:41:53 [SpringApplicationShutdownHook] INFO  c.m.d.t.r.i.TwitterToKafkaStreamRunner - Closing twitter stream
2022-04-03 22:58:14 [main] INFO  c.m.d.t.TwitterToKafkaServiceApplication - Starting TwitterToKafkaServiceApplication using Java 11.0.14.1 on wondercrunch-K53TK with PID 11401 (/home/wondercrunch/event-driven-microservices-course/microservices-demo/twitter-to-kafka-service/target/classes started by wondercrunch in /home/wondercrunch/event-driven-microservices-course/microservices-demo)
2022-04-03 22:58:14 [main] INFO  c.m.d.t.TwitterToKafkaServiceApplication - No active profile set, falling back to 1 default profile: "default"
2022-04-03 22:58:17 [main] INFO  c.m.d.t.TwitterToKafkaServiceApplication - Started TwitterToKafkaServiceApplication in 6.094 seconds (JVM running for 9.623)
2022-04-03 22:58:17 [main] INFO  c.m.d.t.TwitterToKafkaServiceApplication - App startup
2022-04-03 22:58:17 [main] INFO  c.m.d.t.TwitterToKafkaServiceApplication - [Java, Microservices, Spring, Kafka, Elasticsearch]
2022-04-03 22:58:17 [main] INFO  c.m.d.t.TwitterToKafkaServiceApplication - welcome
2022-04-03 22:58:17 [main] INFO  c.m.d.t.r.i.TwitterToKafkaStreamRunner - Started filtering twitter stream for keywords: [Java, Microservices, Spring, Kafka, Elasticsearch]
2022-04-03 22:58:17 [Twitter Stream consumer /  [1][initializing]] INFO  twitter4j.TwitterStreamImpl - Establishing connection.
2022-04-03 22:58:19 [Twitter Stream consumer /  [1][Establishing connection]] INFO  twitter4j.TwitterStreamImpl - 401:Authentication credentials (https://dev.twitter.com/pages/auth) were missing or incorrect. Ensure that you have set valid consumer key/secret, access token/secret, and the system clock is in sync.
<html>\n<head>\n<meta http-equiv="Content-Type" content="text/html; charset=utf-8"/>\n<title>Error 401 Unauthorized</title>
</head>
<body>
<h2>HTTP ERROR: 401</h2>
<p>Problem accessing '/1.1/statuses/filter.json'. Reason:
<pre>    Unauthorized</pre>
</body>
</html>

2022-04-03 22:58:19 [Twitter Stream consumer /  [1][Establishing connection]] INFO  twitter4j.TwitterStreamImpl - Waiting for 10000 milliseconds
2022-04-03 22:58:29 [Twitter Stream consumer /  [1][Waiting for 10000 milliseconds]] INFO  twitter4j.TwitterStreamImpl - Establishing connection.
2022-04-03 22:58:30 [Twitter Stream consumer /  [1][Establishing connection]] INFO  twitter4j.TwitterStreamImpl - 401:Authentication credentials (https://dev.twitter.com/pages/auth) were missing or incorrect. Ensure that you have set valid consumer key/secret, access token/secret, and the system clock is in sync.
<html>\n<head>\n<meta http-equiv="Content-Type" content="text/html; charset=utf-8"/>\n<title>Error 401 Unauthorized</title>
</head>
<body>
<h2>HTTP ERROR: 401</h2>
<p>Problem accessing '/1.1/statuses/filter.json'. Reason:
<pre>    Unauthorized</pre>
</body>
</html>

2022-04-03 22:58:30 [Twitter Stream consumer /  [1][Establishing connection]] INFO  twitter4j.TwitterStreamImpl - Waiting for 20000 milliseconds
2022-04-03 22:58:50 [Twitter Stream consumer /  [1][Waiting for 20000 milliseconds]] INFO  twitter4j.TwitterStreamImpl - Establishing connection.
2022-04-03 22:58:50 [Twitter Stream consumer /  [1][Establishing connection]] INFO  twitter4j.TwitterStreamImpl - 401:Authentication credentials (https://dev.twitter.com/pages/auth) were missing or incorrect. Ensure that you have set valid consumer key/secret, access token/secret, and the system clock is in sync.
<html>\n<head>\n<meta http-equiv="Content-Type" content="text/html; charset=utf-8"/>\n<title>Error 401 Unauthorized</title>
</head>
<body>
<h2>HTTP ERROR: 401</h2>
<p>Problem accessing '/1.1/statuses/filter.json'. Reason:
<pre>    Unauthorized</pre>
</body>
</html>

2022-04-03 22:58:50 [Twitter Stream consumer /  [1][Establishing connection]] INFO  twitter4j.TwitterStreamImpl - Waiting for 40000 milliseconds
2022-04-03 22:58:57 [SpringApplicationShutdownHook] INFO  c.m.d.t.r.i.TwitterToKafkaStreamRunner - Closing twitter stream
2022-04-03 23:41:59 [main] INFO  c.m.d.t.TwitterToKafkaServiceApplication - Starting TwitterToKafkaServiceApplication using Java 11.0.14.1 on wondercrunch-K53TK with PID 12262 (/home/wondercrunch/event-driven-microservices-course/microservices-demo/twitter-to-kafka-service/target/classes started by wondercrunch in /home/wondercrunch/event-driven-microservices-course/microservices-demo)
2022-04-03 23:41:59 [main] INFO  c.m.d.t.TwitterToKafkaServiceApplication - No active profile set, falling back to 1 default profile: "default"
2022-04-03 23:42:02 [main] INFO  c.m.d.t.TwitterToKafkaServiceApplication - Started TwitterToKafkaServiceApplication in 5.033 seconds (JVM running for 8.248)
2022-04-03 23:42:02 [main] INFO  c.m.d.t.TwitterToKafkaServiceApplication - App startup
2022-04-03 23:42:02 [main] INFO  c.m.d.t.TwitterToKafkaServiceApplication - [Java, Microservices, Spring, Kafka, Elasticsearch]
2022-04-03 23:42:02 [main] INFO  c.m.d.t.TwitterToKafkaServiceApplication - welcome
2022-04-03 23:42:02 [main] INFO  c.m.d.t.r.i.TwitterToKafkaStreamRunner - Started filtering twitter stream for keywords: [Java, Microservices, Spring, Kafka, Elasticsearch]
2022-04-03 23:42:02 [Twitter Stream consumer /  [1][initializing]] INFO  twitter4j.TwitterStreamImpl - Establishing connection.
2022-04-03 23:42:03 [Twitter Stream consumer /  [1][Establishing connection]] INFO  twitter4j.TwitterStreamImpl - 403:The request is understood, but it has been refused. An accompanying error message will explain why. This code is used when requests are being denied due to update limits (https://support.twitter.com/articles/15364-about-twitter-limits-update-api-dm-and-following).
message - You currently have Essential access which includes access to Twitter API v2 endpoints only. If you need access to this endpoint, you’ll need to apply for Elevated access via the Developer Portal. You can learn more here: https://developer.twitter.com/en/docs/twitter-api/getting-started/about-twitter-api#v2-access-leve
code - 453

2022-04-03 23:42:03 [Twitter Stream consumer /  [1][Establishing connection]] WARN  twitter4j.TwitterStreamImpl - This account is not in required role. 403:The request is understood, but it has been refused. An accompanying error message will explain why. This code is used when requests are being denied due to update limits (https://support.twitter.com/articles/15364-about-twitter-limits-update-api-dm-and-following).
message - You currently have Essential access which includes access to Twitter API v2 endpoints only. If you need access to this endpoint, you’ll need to apply for Elevated access via the Developer Portal. You can learn more here: https://developer.twitter.com/en/docs/twitter-api/getting-started/about-twitter-api#v2-access-leve
code - 453

2022-04-03 23:42:03 [SpringApplicationShutdownHook] INFO  c.m.d.t.r.i.TwitterToKafkaStreamRunner - Closing twitter stream
