2022-04-04 13:01:37 [main] INFO  c.m.d.t.TwitterToKafkaServiceApplication - Starting TwitterToKafkaServiceApplication using Java 11.0.14.1 on wondercrunch-K53TK with PID 18520 (/home/wondercrunch/event-driven-microservices-course/microservices-demo/twitter-to-kafka-service/target/classes started by wondercrunch in /home/wondercrunch/event-driven-microservices-course/microservices-demo)
2022-04-04 13:01:37 [main] INFO  c.m.d.t.TwitterToKafkaServiceApplication - No active profile set, falling back to 1 default profile: "default"
2022-04-04 13:01:40 [main] INFO  c.m.d.t.TwitterToKafkaServiceApplication - Started TwitterToKafkaServiceApplication in 4.931 seconds (JVM running for 8.064)
2022-04-04 13:01:40 [main] INFO  c.m.d.t.TwitterToKafkaServiceApplication - App startup
2022-04-04 13:01:40 [main] INFO  c.m.d.t.TwitterToKafkaServiceApplication - [Java, Microservices, Spring, Kafka, Elasticsearch]
2022-04-04 13:01:40 [main] INFO  c.m.d.t.TwitterToKafkaServiceApplication - welcome
2022-04-04 13:01:40 [main] INFO  c.m.d.t.r.i.TwitterToKafkaStreamRunner - Started filtering twitter stream for keywords: [Java, Microservices, Spring, Kafka, Elasticsearch]
2022-04-04 13:01:40 [Twitter Stream consumer /  [1][initializing]] INFO  twitter4j.TwitterStreamImpl - Establishing connection.
2022-04-04 13:01:53 [Twitter Stream consumer /  [1][Establishing connection]] INFO  twitter4j.TwitterStreamImpl - Remote host terminated the handshake
2022-04-04 13:01:53 [Twitter Stream consumer /  [1][Establishing connection]] INFO  twitter4j.TwitterStreamImpl - Waiting for 250 milliseconds
2022-04-04 13:01:53 [Twitter Stream consumer /  [1][Waiting for 250 milliseconds]] INFO  twitter4j.TwitterStreamImpl - Establishing connection.
2022-04-04 13:02:06 [Twitter Stream consumer /  [1][Establishing connection]] INFO  twitter4j.TwitterStreamImpl - Remote host terminated the handshake
2022-04-04 13:02:06 [Twitter Stream consumer /  [1][Establishing connection]] INFO  twitter4j.TwitterStreamImpl - Waiting for 500 milliseconds
2022-04-04 13:02:06 [Twitter Stream consumer /  [1][Waiting for 500 milliseconds]] INFO  twitter4j.TwitterStreamImpl - Establishing connection.
2022-04-04 13:02:18 [Twitter Stream consumer /  [1][Establishing connection]] INFO  twitter4j.TwitterStreamImpl - Remote host terminated the handshake
2022-04-04 13:02:18 [Twitter Stream consumer /  [1][Establishing connection]] INFO  twitter4j.TwitterStreamImpl - Waiting for 1000 milliseconds
2022-04-04 13:02:19 [Twitter Stream consumer /  [1][Waiting for 1000 milliseconds]] INFO  twitter4j.TwitterStreamImpl - Establishing connection.
2022-04-04 13:02:28 [SpringApplicationShutdownHook] INFO  c.m.d.t.r.i.TwitterToKafkaStreamRunner - Closing twitter stream
2022-04-04 14:04:58 [main] INFO  c.m.d.t.TwitterToKafkaServiceApplication - Starting TwitterToKafkaServiceApplication using Java 11.0.14.1 on wondercrunch-K53TK with PID 19957 (/home/wondercrunch/event-driven-microservices-course/microservices-demo/twitter-to-kafka-service/target/classes started by wondercrunch in /home/wondercrunch/event-driven-microservices-course/microservices-demo)
2022-04-04 14:04:58 [main] INFO  c.m.d.t.TwitterToKafkaServiceApplication - No active profile set, falling back to 1 default profile: "default"
2022-04-04 14:05:00 [main] INFO  c.m.d.t.TwitterToKafkaServiceApplication - Started TwitterToKafkaServiceApplication in 4.583 seconds (JVM running for 7.711)
2022-04-04 14:05:00 [main] INFO  c.m.d.t.TwitterToKafkaServiceApplication - App startup
2022-04-04 14:05:00 [main] INFO  c.m.d.t.TwitterToKafkaServiceApplication - [Java, Microservices, Spring, Kafka, Elasticsearch]
2022-04-04 14:05:00 [main] INFO  c.m.d.t.TwitterToKafkaServiceApplication - welcome
2022-04-04 14:05:01 [main] INFO  c.m.d.t.r.i.TwitterToKafkaStreamRunner - Started filtering twitter stream for keywords: [Java, Microservices, Spring, Kafka, Elasticsearch]
2022-04-04 14:05:01 [Twitter Stream consumer /  [1][initializing]] INFO  twitter4j.TwitterStreamImpl - Establishing connection.
2022-04-04 14:05:13 [Twitter Stream consumer /  [1][Establishing connection]] INFO  twitter4j.TwitterStreamImpl - Remote host terminated the handshake
2022-04-04 14:05:13 [Twitter Stream consumer /  [1][Establishing connection]] INFO  twitter4j.TwitterStreamImpl - Waiting for 250 milliseconds
2022-04-04 14:05:14 [Twitter Stream consumer /  [1][Waiting for 250 milliseconds]] INFO  twitter4j.TwitterStreamImpl - Establishing connection.
2022-04-04 14:05:26 [Twitter Stream consumer /  [1][Establishing connection]] INFO  twitter4j.TwitterStreamImpl - Remote host terminated the handshake
2022-04-04 14:05:26 [Twitter Stream consumer /  [1][Establishing connection]] INFO  twitter4j.TwitterStreamImpl - Waiting for 500 milliseconds
2022-04-04 14:05:26 [Twitter Stream consumer /  [1][Waiting for 500 milliseconds]] INFO  twitter4j.TwitterStreamImpl - Establishing connection.
2022-04-04 14:05:38 [Twitter Stream consumer /  [1][Establishing connection]] INFO  twitter4j.TwitterStreamImpl - Remote host terminated the handshake
2022-04-04 14:05:38 [Twitter Stream consumer /  [1][Establishing connection]] INFO  twitter4j.TwitterStreamImpl - Waiting for 1000 milliseconds
2022-04-04 14:05:39 [Twitter Stream consumer /  [1][Waiting for 1000 milliseconds]] INFO  twitter4j.TwitterStreamImpl - Establishing connection.
2022-04-04 14:05:52 [Twitter Stream consumer /  [1][Establishing connection]] INFO  twitter4j.TwitterStreamImpl - Remote host terminated the handshake
2022-04-04 14:05:52 [Twitter Stream consumer /  [1][Establishing connection]] INFO  twitter4j.TwitterStreamImpl - Waiting for 2000 milliseconds
2022-04-04 14:05:54 [Twitter Stream consumer /  [1][Waiting for 2000 milliseconds]] INFO  twitter4j.TwitterStreamImpl - Establishing connection.
2022-04-04 14:06:06 [Twitter Stream consumer /  [1][Establishing connection]] INFO  twitter4j.TwitterStreamImpl - Remote host terminated the handshake
2022-04-04 14:06:06 [Twitter Stream consumer /  [1][Establishing connection]] INFO  twitter4j.TwitterStreamImpl - Waiting for 4000 milliseconds
2022-04-04 14:06:10 [Twitter Stream consumer /  [1][Waiting for 4000 milliseconds]] INFO  twitter4j.TwitterStreamImpl - Establishing connection.
2022-04-04 14:06:23 [Twitter Stream consumer /  [1][Establishing connection]] INFO  twitter4j.TwitterStreamImpl - Remote host terminated the handshake
2022-04-04 14:06:23 [Twitter Stream consumer /  [1][Establishing connection]] INFO  twitter4j.TwitterStreamImpl - Waiting for 8000 milliseconds
2022-04-04 14:06:31 [Twitter Stream consumer /  [1][Waiting for 8000 milliseconds]] INFO  twitter4j.TwitterStreamImpl - Establishing connection.
2022-04-04 14:06:43 [Twitter Stream consumer /  [1][Establishing connection]] INFO  twitter4j.TwitterStreamImpl - Remote host terminated the handshake
2022-04-04 14:06:43 [Twitter Stream consumer /  [1][Establishing connection]] INFO  twitter4j.TwitterStreamImpl - Waiting for 16000 milliseconds
2022-04-04 14:06:59 [Twitter Stream consumer /  [1][Waiting for 16000 milliseconds]] INFO  twitter4j.TwitterStreamImpl - Establishing connection.
2022-04-04 14:07:11 [Twitter Stream consumer /  [1][Establishing connection]] INFO  twitter4j.TwitterStreamImpl - Remote host terminated the handshake
2022-04-04 14:07:11 [Twitter Stream consumer /  [1][Establishing connection]] INFO  twitter4j.TwitterStreamImpl - Waiting for 16000 milliseconds
2022-04-04 14:07:27 [Twitter Stream consumer /  [1][Waiting for 16000 milliseconds]] INFO  twitter4j.TwitterStreamImpl - Establishing connection.
2022-04-04 14:07:39 [Twitter Stream consumer /  [1][Establishing connection]] INFO  twitter4j.TwitterStreamImpl - Remote host terminated the handshake
2022-04-04 14:07:39 [Twitter Stream consumer /  [1][Establishing connection]] INFO  twitter4j.TwitterStreamImpl - Waiting for 16000 milliseconds
2022-04-04 14:07:55 [Twitter Stream consumer /  [1][Waiting for 16000 milliseconds]] INFO  twitter4j.TwitterStreamImpl - Establishing connection.
2022-04-04 14:08:08 [Twitter Stream consumer /  [1][Establishing connection]] INFO  twitter4j.TwitterStreamImpl - Remote host terminated the handshake
2022-04-04 14:08:08 [Twitter Stream consumer /  [1][Establishing connection]] INFO  twitter4j.TwitterStreamImpl - Waiting for 16000 milliseconds
2022-04-04 14:08:25 [Twitter Stream consumer /  [1][Waiting for 16000 milliseconds]] INFO  twitter4j.TwitterStreamImpl - Establishing connection.
2022-04-04 14:08:37 [Twitter Stream consumer /  [1][Establishing connection]] INFO  twitter4j.TwitterStreamImpl - Remote host terminated the handshake
2022-04-04 14:08:37 [Twitter Stream consumer /  [1][Establishing connection]] INFO  twitter4j.TwitterStreamImpl - Waiting for 16000 milliseconds
2022-04-04 14:08:53 [Twitter Stream consumer /  [1][Waiting for 16000 milliseconds]] INFO  twitter4j.TwitterStreamImpl - Establishing connection.
2022-04-04 14:09:05 [Twitter Stream consumer /  [1][Establishing connection]] INFO  twitter4j.TwitterStreamImpl - Remote host terminated the handshake
2022-04-04 14:09:05 [Twitter Stream consumer /  [1][Establishing connection]] INFO  twitter4j.TwitterStreamImpl - Waiting for 16000 milliseconds
2022-04-04 14:09:21 [Twitter Stream consumer /  [1][Waiting for 16000 milliseconds]] INFO  twitter4j.TwitterStreamImpl - Establishing connection.
2022-04-04 14:09:34 [Twitter Stream consumer /  [1][Establishing connection]] INFO  twitter4j.TwitterStreamImpl - Remote host terminated the handshake
2022-04-04 14:09:34 [Twitter Stream consumer /  [1][Establishing connection]] INFO  twitter4j.TwitterStreamImpl - Waiting for 16000 milliseconds
2022-04-04 14:09:37 [SpringApplicationShutdownHook] INFO  c.m.d.t.r.i.TwitterToKafkaStreamRunner - Closing twitter stream
2022-04-04 21:25:53 [main] INFO  c.m.d.t.TwitterToKafkaServiceApplication - Starting TwitterToKafkaServiceApplication using Java 11.0.14.1 on wondercrunch-K53TK with PID 29099 (/home/wondercrunch/event-driven-microservices-course/microservices-demo/twitter-to-kafka-service/target/classes started by wondercrunch in /home/wondercrunch/event-driven-microservices-course/microservices-demo)
2022-04-04 21:25:53 [main] INFO  c.m.d.t.TwitterToKafkaServiceApplication - No active profile set, falling back to 1 default profile: "default"
2022-04-04 21:25:56 [main] INFO  c.m.d.t.TwitterToKafkaServiceApplication - Started TwitterToKafkaServiceApplication in 5.44 seconds (JVM running for 9.42)
2022-04-04 21:25:56 [main] INFO  c.m.d.t.TwitterToKafkaServiceApplication - App startup
2022-04-04 21:25:56 [main] INFO  c.m.d.t.TwitterToKafkaServiceApplication - [Java, Microservices, Spring, Kafka, Elasticsearch]
2022-04-04 21:25:56 [main] INFO  c.m.d.t.TwitterToKafkaServiceApplication - welcome
2022-04-04 21:25:56 [main] INFO  c.m.d.t.r.impl.MockKafkaStreamRunner - Starting mock filtering twitter streams for keywords [Java, Microservices, Spring, Kafka, Elasticsearch]
2022-04-04 21:25:56 [pool-1-thread-1] INFO  c.m.d.t.l.TwitterToKafkaStatusListener - Twitter status with text malesuada adipiscing senectus malesuada sit Elasticsearch feugiat finibus cras
2022-04-04 21:26:06 [pool-1-thread-1] INFO  c.m.d.t.l.TwitterToKafkaStatusListener - Twitter status with text lectus amet lectus felis ipsum mauris amet Kafka cursus at morbi dictum ac
2022-04-04 21:26:16 [pool-1-thread-1] INFO  c.m.d.t.l.TwitterToKafkaStatusListener - Twitter status with text elit cras lectus mi Java mi accumsan eleifend
2022-04-04 21:26:26 [pool-1-thread-1] INFO  c.m.d.t.l.TwitterToKafkaStatusListener - Twitter status with text ipsum risus magna finibus Elasticsearch turpis urna
2022-04-04 21:26:36 [pool-1-thread-1] INFO  c.m.d.t.l.TwitterToKafkaStatusListener - Twitter status with text venenatis cras pellentesque ac Spring porttitor ut
2022-04-04 21:27:35 [main] INFO  c.m.d.t.TwitterToKafkaServiceApplication - Starting TwitterToKafkaServiceApplication using Java 11.0.14.1 on wondercrunch-K53TK with PID 29183 (/home/wondercrunch/event-driven-microservices-course/microservices-demo/twitter-to-kafka-service/target/classes started by wondercrunch in /home/wondercrunch/event-driven-microservices-course/microservices-demo)
2022-04-04 21:27:35 [main] INFO  c.m.d.t.TwitterToKafkaServiceApplication - No active profile set, falling back to 1 default profile: "default"
2022-04-04 21:27:38 [main] INFO  c.m.d.t.TwitterToKafkaServiceApplication - Started TwitterToKafkaServiceApplication in 5.755 seconds (JVM running for 9.689)
2022-04-04 21:27:38 [main] INFO  c.m.d.t.TwitterToKafkaServiceApplication - App startup
2022-04-04 21:27:38 [main] INFO  c.m.d.t.TwitterToKafkaServiceApplication - [Java, Microservices, Spring, Kafka, Elasticsearch]
2022-04-04 21:27:38 [main] INFO  c.m.d.t.TwitterToKafkaServiceApplication - welcome
2022-04-04 21:27:38 [main] INFO  c.m.d.t.r.impl.MockKafkaStreamRunner - Starting mock filtering twitter streams for keywords [Java, Microservices, Spring, Kafka, Elasticsearch]
2022-04-04 21:27:38 [pool-1-thread-1] INFO  c.m.d.t.l.TwitterToKafkaStatusListener - Twitter status with text: "ac dui sit dui rhoncus dui felis turpis Kafka rhoncus dictum tristique augue et dictum"
2022-04-04 21:27:48 [pool-1-thread-1] INFO  c.m.d.t.l.TwitterToKafkaStatusListener - Twitter status with text: "morbi felis efficitur dui magna mauris Spring fames sed venenatis risus"
2022-04-04 21:27:58 [pool-1-thread-1] INFO  c.m.d.t.l.TwitterToKafkaStatusListener - Twitter status with text: "rhoncus in sed tristique sed sed Elasticsearch ipsum non egestas sit non"
2022-04-04 23:01:25 [main] INFO  c.m.d.t.TwitterToKafkaServiceApplication - Starting TwitterToKafkaServiceApplication using Java 11.0.14.1 on wondercrunch-K53TK with PID 31399 (/home/wondercrunch/event-driven-microservices-course/microservices-demo/twitter-to-kafka-service/target/classes started by wondercrunch in /home/wondercrunch/event-driven-microservices-course/microservices-demo)
2022-04-04 23:01:25 [main] INFO  c.m.d.t.TwitterToKafkaServiceApplication - No active profile set, falling back to 1 default profile: "default"
2022-04-04 23:01:28 [main] INFO  c.m.d.t.TwitterToKafkaServiceApplication - Started TwitterToKafkaServiceApplication in 5.425 seconds (JVM running for 11.665)
2022-04-04 23:01:28 [main] INFO  c.m.d.t.TwitterToKafkaServiceApplication - App startup
2022-04-04 23:01:28 [main] INFO  c.m.d.t.TwitterToKafkaServiceApplication - [Java, Microservices, Spring, Kafka, Elasticsearch]
2022-04-04 23:01:28 [main] INFO  c.m.d.t.TwitterToKafkaServiceApplication - welcome
2022-04-04 23:01:28 [main] INFO  c.m.d.t.r.impl.MockKafkaStreamRunner - Starting mock filtering twitter streams for keywords [Java, Microservices, Spring, Kafka, Elasticsearch]
2022-04-04 23:01:28 [pool-1-thread-1] INFO  c.m.d.t.l.TwitterToKafkaStatusListener - Twitter status with text: "turpis efficitur pellentesque pellentesque non non non nibh Elasticsearch turpis pellentesque lectus pellentesque dolor netus augue"
2022-04-04 23:01:38 [pool-1-thread-1] INFO  c.m.d.t.l.TwitterToKafkaStatusListener - Twitter status with text: "in et id risus felis ut Spring mi in et aliquam porttitor"
