2022-04-08 00:24:03 [main] INFO  c.m.d.t.TwitterToKafkaServiceApplication - Starting TwitterToKafkaServiceApplication using Java 11.0.14.1 on wondercrunch-K53TK with PID 3163 (/home/wondercrunch/event-driven-microservices-course/microservices-demo/twitter-to-kafka-service/target/classes started by wondercrunch in /home/wondercrunch/event-driven-microservices-course/microservices-demo)
2022-04-08 00:24:03 [main] INFO  c.m.d.t.TwitterToKafkaServiceApplication - No active profile set, falling back to 1 default profile: "default"
2022-04-08 00:24:09 [main] INFO  o.a.k.c.admin.AdminClientConfig - AdminClientConfig values: 
	bootstrap.servers = [localhost:19092, localhost:29092, localhost:39092]
	client.dns.lookup = use_all_dns_ips
	client.id = 
	connections.max.idle.ms = 300000
	default.api.timeout.ms = 60000
	metadata.max.age.ms = 300000
	metric.reporters = []
	metrics.num.samples = 2
	metrics.recording.level = INFO
	metrics.sample.window.ms = 30000
	receive.buffer.bytes = 65536
	reconnect.backoff.max.ms = 1000
	reconnect.backoff.ms = 50
	request.timeout.ms = 30000
	retries = 2147483647
	retry.backoff.ms = 100
	sasl.client.callback.handler.class = null
	sasl.jaas.config = null
	sasl.kerberos.kinit.cmd = /usr/bin/kinit
	sasl.kerberos.min.time.before.relogin = 60000
	sasl.kerberos.service.name = null
	sasl.kerberos.ticket.renew.jitter = 0.05
	sasl.kerberos.ticket.renew.window.factor = 0.8
	sasl.login.callback.handler.class = null
	sasl.login.class = null
	sasl.login.refresh.buffer.seconds = 300
	sasl.login.refresh.min.period.seconds = 60
	sasl.login.refresh.window.factor = 0.8
	sasl.login.refresh.window.jitter = 0.05
	sasl.mechanism = GSSAPI
	security.protocol = PLAINTEXT
	security.providers = null
	send.buffer.bytes = 131072
	socket.connection.setup.timeout.max.ms = 30000
	socket.connection.setup.timeout.ms = 10000
	ssl.cipher.suites = null
	ssl.enabled.protocols = [TLSv1.2, TLSv1.3]
	ssl.endpoint.identification.algorithm = https
	ssl.engine.factory.class = null
	ssl.key.password = null
	ssl.keymanager.algorithm = SunX509
	ssl.keystore.certificate.chain = null
	ssl.keystore.key = null
	ssl.keystore.location = null
	ssl.keystore.password = null
	ssl.keystore.type = JKS
	ssl.protocol = TLSv1.3
	ssl.provider = null
	ssl.secure.random.implementation = null
	ssl.trustmanager.algorithm = PKIX
	ssl.truststore.certificates = null
	ssl.truststore.location = null
	ssl.truststore.password = null
	ssl.truststore.type = JKS

2022-04-08 00:24:09 [main] INFO  o.a.kafka.common.utils.AppInfoParser - Kafka version: 3.0.1
2022-04-08 00:24:09 [main] INFO  o.a.kafka.common.utils.AppInfoParser - Kafka commitId: 8e30984f43e64d8b
2022-04-08 00:24:09 [main] INFO  o.a.kafka.common.utils.AppInfoParser - Kafka startTimeMs: 1649366649573
2022-04-08 00:24:12 [main] INFO  o.s.b.w.e.netty.NettyWebServer - Netty started on port 8080
2022-04-08 00:24:12 [main] INFO  c.m.d.t.TwitterToKafkaServiceApplication - Started TwitterToKafkaServiceApplication in 12.972 seconds (JVM running for 18.22)
2022-04-08 00:24:12 [main] INFO  c.m.d.t.TwitterToKafkaServiceApplication - App startup
2022-04-08 00:24:12 [main] INFO  c.m.d.k.a.config.KafkaAdminConfig - Creating 1 topics, attempt 0
2022-04-08 00:24:13 [main] INFO  c.m.d.k.a.config.KafkaAdminConfig - Reading kafka topic [twitter-topic], attempt 0
2022-04-08 00:24:13 [main] INFO  c.m.d.k.a.config.KafkaAdminConfig - Topic with name twitter-topic
2022-04-08 00:24:13 [main] INFO  c.m.d.k.a.config.KafkaAdminConfig - Topic with name _schemas
2022-04-08 00:24:13 [main] INFO  c.m.d.t.i.i.KafkaStreamInitializer - Topics with name twitter-topic are ready for operations
2022-04-08 00:24:13 [main] INFO  c.m.d.t.r.impl.MockKafkaStreamRunner - Starting mock filtering twitter streams for keywords [Java, Microservices, Spring, Kafka, Elasticsearch]
2022-04-08 00:24:14 [pool-3-thread-1] INFO  c.m.d.t.l.TwitterToKafkaStatusListener - Twitter status with text: "turpis pellentesque dui risus Spring cursus risus"
2022-04-08 00:24:14 [pool-3-thread-1] INFO  c.m.d.k.p.s.i.TwitterKafkaProducer - Sending message '{"userId": 274230463249062923, "id": 6493971409957751106, "text": "turpis pellentesque dui risus Spring cursus risus", "createdAt": 1649366653000}' to topic 'twitter-topic'
2022-04-08 00:24:14 [pool-3-thread-1] INFO  o.a.k.c.producer.ProducerConfig - ProducerConfig values: 
	acks = -1
	batch.size = 1638400
	bootstrap.servers = [localhost:19092, localhost:29092, localhost:39092]
	buffer.memory = 33554432
	client.dns.lookup = use_all_dns_ips
	client.id = producer-1
	compression.type = snappy
	connections.max.idle.ms = 540000
	delivery.timeout.ms = 120000
	enable.idempotence = true
	interceptor.classes = []
	key.serializer = class org.apache.kafka.common.serialization.LongSerializer
	linger.ms = 5
	max.block.ms = 60000
	max.in.flight.requests.per.connection = 5
	max.request.size = 1048576
	metadata.max.age.ms = 300000
	metadata.max.idle.ms = 300000
	metric.reporters = []
	metrics.num.samples = 2
	metrics.recording.level = INFO
	metrics.sample.window.ms = 30000
	partitioner.class = class org.apache.kafka.clients.producer.internals.DefaultPartitioner
	receive.buffer.bytes = 32768
	reconnect.backoff.max.ms = 1000
	reconnect.backoff.ms = 50
	request.timeout.ms = 60000
	retries = 5
	retry.backoff.ms = 100
	sasl.client.callback.handler.class = null
	sasl.jaas.config = null
	sasl.kerberos.kinit.cmd = /usr/bin/kinit
	sasl.kerberos.min.time.before.relogin = 60000
	sasl.kerberos.service.name = null
	sasl.kerberos.ticket.renew.jitter = 0.05
	sasl.kerberos.ticket.renew.window.factor = 0.8
	sasl.login.callback.handler.class = null
	sasl.login.class = null
	sasl.login.refresh.buffer.seconds = 300
	sasl.login.refresh.min.period.seconds = 60
	sasl.login.refresh.window.factor = 0.8
	sasl.login.refresh.window.jitter = 0.05
	sasl.mechanism = GSSAPI
	security.protocol = PLAINTEXT
	security.providers = null
	send.buffer.bytes = 131072
	socket.connection.setup.timeout.max.ms = 30000
	socket.connection.setup.timeout.ms = 10000
	ssl.cipher.suites = null
	ssl.enabled.protocols = [TLSv1.2, TLSv1.3]
	ssl.endpoint.identification.algorithm = https
	ssl.engine.factory.class = null
	ssl.key.password = null
	ssl.keymanager.algorithm = SunX509
	ssl.keystore.certificate.chain = null
	ssl.keystore.key = null
	ssl.keystore.location = null
	ssl.keystore.password = null
	ssl.keystore.type = JKS
	ssl.protocol = TLSv1.3
	ssl.provider = null
	ssl.secure.random.implementation = null
	ssl.trustmanager.algorithm = PKIX
	ssl.truststore.certificates = null
	ssl.truststore.location = null
	ssl.truststore.password = null
	ssl.truststore.type = JKS
	transaction.timeout.ms = 60000
	transactional.id = null
	value.serializer = class io.confluent.kafka.serializers.KafkaAvroSerializer

2022-04-08 00:24:14 [pool-3-thread-1] INFO  i.c.k.s.KafkaAvroSerializerConfig - KafkaAvroSerializerConfig values: 
	auto.register.schemas = true
	avro.reflection.allow.null = false
	avro.remove.java.properties = false
	avro.use.logical.type.converters = false
	basic.auth.credentials.source = URL
	basic.auth.user.info = [hidden]
	bearer.auth.credentials.source = STATIC_TOKEN
	bearer.auth.token = [hidden]
	context.name.strategy = class io.confluent.kafka.serializers.context.NullContextNameStrategy
	id.compatibility.strict = true
	key.subject.name.strategy = class io.confluent.kafka.serializers.subject.TopicNameStrategy
	latest.compatibility.strict = true
	max.schemas.per.subject = 1000
	normalize.schemas = false
	proxy.host = 
	proxy.port = -1
	schema.reflection = false
	schema.registry.basic.auth.user.info = [hidden]
	schema.registry.ssl.cipher.suites = null
	schema.registry.ssl.enabled.protocols = [TLSv1.2, TLSv1.3]
	schema.registry.ssl.endpoint.identification.algorithm = https
	schema.registry.ssl.engine.factory.class = null
	schema.registry.ssl.key.password = null
	schema.registry.ssl.keymanager.algorithm = SunX509
	schema.registry.ssl.keystore.certificate.chain = null
	schema.registry.ssl.keystore.key = null
	schema.registry.ssl.keystore.location = null
	schema.registry.ssl.keystore.password = null
	schema.registry.ssl.keystore.type = JKS
	schema.registry.ssl.protocol = TLSv1.3
	schema.registry.ssl.provider = null
	schema.registry.ssl.secure.random.implementation = null
	schema.registry.ssl.trustmanager.algorithm = PKIX
	schema.registry.ssl.truststore.certificates = null
	schema.registry.ssl.truststore.location = null
	schema.registry.ssl.truststore.password = null
	schema.registry.ssl.truststore.type = JKS
	schema.registry.url = [http://localhost:8081]
	use.latest.version = false
	use.schema.id = -1
	value.subject.name.strategy = class io.confluent.kafka.serializers.subject.TopicNameStrategy

2022-04-08 00:24:15 [pool-3-thread-1] INFO  o.a.k.clients.producer.KafkaProducer - [Producer clientId=producer-1] Instantiated an idempotent producer.
2022-04-08 00:24:15 [pool-3-thread-1] INFO  o.a.kafka.common.utils.AppInfoParser - Kafka version: 3.0.1
2022-04-08 00:24:15 [pool-3-thread-1] INFO  o.a.kafka.common.utils.AppInfoParser - Kafka commitId: 8e30984f43e64d8b
2022-04-08 00:24:15 [pool-3-thread-1] INFO  o.a.kafka.common.utils.AppInfoParser - Kafka startTimeMs: 1649366655238
2022-04-08 00:24:15 [kafka-producer-network-thread | producer-1] INFO  org.apache.kafka.clients.Metadata - [Producer clientId=producer-1] Resetting the last seen epoch of partition twitter-topic-0 to 0 since the associated topicId changed from null to sMX6yBlURs2fstFGPNLrtQ
2022-04-08 00:24:15 [kafka-producer-network-thread | producer-1] INFO  org.apache.kafka.clients.Metadata - [Producer clientId=producer-1] Resetting the last seen epoch of partition twitter-topic-1 to 0 since the associated topicId changed from null to sMX6yBlURs2fstFGPNLrtQ
2022-04-08 00:24:15 [kafka-producer-network-thread | producer-1] INFO  org.apache.kafka.clients.Metadata - [Producer clientId=producer-1] Resetting the last seen epoch of partition twitter-topic-2 to 0 since the associated topicId changed from null to sMX6yBlURs2fstFGPNLrtQ
2022-04-08 00:24:15 [kafka-producer-network-thread | producer-1] INFO  org.apache.kafka.clients.Metadata - [Producer clientId=producer-1] Cluster ID: JRZ3DDSLTE-pvOWVYqyDyA
2022-04-08 00:24:15 [kafka-producer-network-thread | producer-1] INFO  o.a.k.c.p.i.TransactionManager - [Producer clientId=producer-1] ProducerId set to 0 with epoch 0
2022-04-08 00:24:27 [pool-3-thread-1] INFO  c.m.d.t.l.TwitterToKafkaStatusListener - Twitter status with text: "consectetur ipsum a sit dolor dui et Spring pellentesque consectetur bibendum bibendum bibendum risus"
2022-04-08 00:24:27 [pool-3-thread-1] INFO  c.m.d.k.p.s.i.TwitterKafkaProducer - Sending message '{"userId": 9215299063634518102, "id": 2047935712477835677, "text": "consectetur ipsum a sit dolor dui et Spring pellentesque consectetur bibendum bibendum bibendum risus", "createdAt": 1649366667000}' to topic 'twitter-topic'
2022-04-08 00:24:37 [pool-3-thread-1] INFO  c.m.d.t.l.TwitterToKafkaStatusListener - Twitter status with text: "semper finibus mi adipiscing egestas Spring habitant at tristique"
2022-04-08 00:24:37 [pool-3-thread-1] INFO  c.m.d.k.p.s.i.TwitterKafkaProducer - Sending message '{"userId": 7539537084360911063, "id": 7787777604338438675, "text": "semper finibus mi adipiscing egestas Spring habitant at tristique", "createdAt": 1649366677000}' to topic 'twitter-topic'
2022-04-08 00:24:47 [pool-3-thread-1] INFO  c.m.d.t.l.TwitterToKafkaStatusListener - Twitter status with text: "phasellus urna euismod sem ac venenatis semper Microservices nibh semper et elit et"
2022-04-08 00:24:47 [pool-3-thread-1] INFO  c.m.d.k.p.s.i.TwitterKafkaProducer - Sending message '{"userId": 4555883932051846065, "id": 259063989895826300, "text": "phasellus urna euismod sem ac venenatis semper Microservices nibh semper et elit et", "createdAt": 1649366687000}' to topic 'twitter-topic'
2022-04-08 00:24:57 [pool-3-thread-1] INFO  c.m.d.t.l.TwitterToKafkaStatusListener - Twitter status with text: "odio felis morbi sit finibus lectus habitant nisl Microservices urna tristique a odio adipiscing euismod at"
2022-04-08 00:24:57 [pool-3-thread-1] INFO  c.m.d.k.p.s.i.TwitterKafkaProducer - Sending message '{"userId": 2883546483329140948, "id": 7210958956665517824, "text": "odio felis morbi sit finibus lectus habitant nisl Microservices urna tristique a odio adipiscing euismod at", "createdAt": 1649366697000}' to topic 'twitter-topic'
2022-04-08 00:25:07 [pool-3-thread-1] INFO  c.m.d.t.l.TwitterToKafkaStatusListener - Twitter status with text: "felis ac finibus turpis nisl ac bibendum Kafka risus adipiscing nibh nisl pellentesque finibus"
2022-04-08 00:25:07 [pool-3-thread-1] INFO  c.m.d.k.p.s.i.TwitterKafkaProducer - Sending message '{"userId": 7555159479316256104, "id": 8013359187357330783, "text": "felis ac finibus turpis nisl ac bibendum Kafka risus adipiscing nibh nisl pellentesque finibus", "createdAt": 1649366707000}' to topic 'twitter-topic'
2022-04-08 00:25:17 [pool-3-thread-1] INFO  c.m.d.t.l.TwitterToKafkaStatusListener - Twitter status with text: "pellentesque cras at malesuada dictum non turpis finibus Elasticsearch accumsan semper et id non bibendum"
2022-04-08 00:25:17 [pool-3-thread-1] INFO  c.m.d.k.p.s.i.TwitterKafkaProducer - Sending message '{"userId": 8005002129960394171, "id": 521342679556278622, "text": "pellentesque cras at malesuada dictum non turpis finibus Elasticsearch accumsan semper et id non bibendum", "createdAt": 1649366717000}' to topic 'twitter-topic'
2022-04-08 00:25:27 [pool-3-thread-1] INFO  c.m.d.t.l.TwitterToKafkaStatusListener - Twitter status with text: "magna risus sit lectus lorem augue Spring euismod accumsan in rhoncus risus"
2022-04-08 00:25:27 [pool-3-thread-1] INFO  c.m.d.k.p.s.i.TwitterKafkaProducer - Sending message '{"userId": 3627336785986478868, "id": 6541433011453726517, "text": "magna risus sit lectus lorem augue Spring euismod accumsan in rhoncus risus", "createdAt": 1649366727000}' to topic 'twitter-topic'
2022-04-08 00:25:37 [pool-3-thread-1] INFO  c.m.d.t.l.TwitterToKafkaStatusListener - Twitter status with text: "sit non senectus ut ornare Kafka sem a lorem"
2022-04-08 00:25:37 [pool-3-thread-1] INFO  c.m.d.k.p.s.i.TwitterKafkaProducer - Sending message '{"userId": 5846740337646353619, "id": 1825927707827879645, "text": "sit non senectus ut ornare Kafka sem a lorem", "createdAt": 1649366737000}' to topic 'twitter-topic'
2022-04-08 00:25:47 [pool-3-thread-1] INFO  c.m.d.t.l.TwitterToKafkaStatusListener - Twitter status with text: "venenatis ac mi nibh Spring nibh ut elit"
2022-04-08 00:25:47 [pool-3-thread-1] INFO  c.m.d.k.p.s.i.TwitterKafkaProducer - Sending message '{"userId": 1543506856785843060, "id": 6477331913467407671, "text": "venenatis ac mi nibh Spring nibh ut elit", "createdAt": 1649366747000}' to topic 'twitter-topic'
2022-04-08 00:25:57 [pool-3-thread-1] INFO  c.m.d.t.l.TwitterToKafkaStatusListener - Twitter status with text: "amet habitant senectus at lectus ac Microservices sit egestas finibus ac rhoncus"
2022-04-08 00:25:57 [pool-3-thread-1] INFO  c.m.d.k.p.s.i.TwitterKafkaProducer - Sending message '{"userId": 1026712200262871311, "id": 4368260272847664411, "text": "amet habitant senectus at lectus ac Microservices sit egestas finibus ac rhoncus", "createdAt": 1649366757000}' to topic 'twitter-topic'
2022-04-08 00:26:07 [pool-3-thread-1] INFO  c.m.d.t.l.TwitterToKafkaStatusListener - Twitter status with text: "morbi senectus malesuada at Elasticsearch eleifend nisl"
2022-04-08 00:26:07 [pool-3-thread-1] INFO  c.m.d.k.p.s.i.TwitterKafkaProducer - Sending message '{"userId": 3267733008560123342, "id": 4377867223425653670, "text": "morbi senectus malesuada at Elasticsearch eleifend nisl", "createdAt": 1649366767000}' to topic 'twitter-topic'
2022-04-08 00:26:17 [pool-3-thread-1] INFO  c.m.d.t.l.TwitterToKafkaStatusListener - Twitter status with text: "in odio bibendum egestas lorem finibus Kafka nibh morbi in semper tristique"
2022-04-08 00:26:17 [pool-3-thread-1] INFO  c.m.d.k.p.s.i.TwitterKafkaProducer - Sending message '{"userId": 5501982168462710446, "id": 7567409408281700260, "text": "in odio bibendum egestas lorem finibus Kafka nibh morbi in semper tristique", "createdAt": 1649366777000}' to topic 'twitter-topic'
2022-04-08 00:26:27 [pool-3-thread-1] INFO  c.m.d.t.l.TwitterToKafkaStatusListener - Twitter status with text: "porttitor feugiat lorem at amet mi pellentesque Microservices cursus porttitor dictum cursus lorem"
2022-04-08 00:26:27 [pool-3-thread-1] INFO  c.m.d.k.p.s.i.TwitterKafkaProducer - Sending message '{"userId": 2987383899422847728, "id": 2491388810344443091, "text": "porttitor feugiat lorem at amet mi pellentesque Microservices cursus porttitor dictum cursus lorem", "createdAt": 1649366787000}' to topic 'twitter-topic'
2022-04-08 00:26:37 [pool-3-thread-1] INFO  c.m.d.t.l.TwitterToKafkaStatusListener - Twitter status with text: "mauris odio urna ut eleifend egestas Microservices eleifend elit risus felis"
2022-04-08 00:26:37 [pool-3-thread-1] INFO  c.m.d.k.p.s.i.TwitterKafkaProducer - Sending message '{"userId": 4472564091310406094, "id": 3047984768079223985, "text": "mauris odio urna ut eleifend egestas Microservices eleifend elit risus felis", "createdAt": 1649366797000}' to topic 'twitter-topic'
2022-04-08 00:26:47 [pool-3-thread-1] INFO  c.m.d.t.l.TwitterToKafkaStatusListener - Twitter status with text: "senectus in eleifend Microservices et efficitur"
2022-04-08 00:26:47 [pool-3-thread-1] INFO  c.m.d.k.p.s.i.TwitterKafkaProducer - Sending message '{"userId": 2651703772848799802, "id": 5830939692737979403, "text": "senectus in eleifend Microservices et efficitur", "createdAt": 1649366807000}' to topic 'twitter-topic'
2022-04-08 00:26:57 [pool-3-thread-1] INFO  c.m.d.t.l.TwitterToKafkaStatusListener - Twitter status with text: "cursus finibus augue adipiscing porttitor efficitur ipsum sem Microservices non et nibh morbi venenatis pellentesque mauris"
2022-04-08 00:26:57 [pool-3-thread-1] INFO  c.m.d.k.p.s.i.TwitterKafkaProducer - Sending message '{"userId": 8527647328468177197, "id": 6712232711862103442, "text": "cursus finibus augue adipiscing porttitor efficitur ipsum sem Microservices non et nibh morbi venenatis pellentesque mauris", "createdAt": 1649366817000}' to topic 'twitter-topic'
2022-04-08 00:27:07 [pool-3-thread-1] INFO  c.m.d.t.l.TwitterToKafkaStatusListener - Twitter status with text: "malesuada amet felis netus et Java nibh egestas finibus accumsan"
2022-04-08 00:27:07 [pool-3-thread-1] INFO  c.m.d.k.p.s.i.TwitterKafkaProducer - Sending message '{"userId": 5279790050181606827, "id": 6530068304486094363, "text": "malesuada amet felis netus et Java nibh egestas finibus accumsan", "createdAt": 1649366827000}' to topic 'twitter-topic'
2022-04-08 00:27:17 [pool-3-thread-1] INFO  c.m.d.t.l.TwitterToKafkaStatusListener - Twitter status with text: "nisl venenatis rhoncus sit et dictum Java porttitor ut senectus magna"
2022-04-08 00:27:17 [pool-3-thread-1] INFO  c.m.d.k.p.s.i.TwitterKafkaProducer - Sending message '{"userId": 7350190877623783025, "id": 4223078038720222172, "text": "nisl venenatis rhoncus sit et dictum Java porttitor ut senectus magna", "createdAt": 1649366837000}' to topic 'twitter-topic'
2022-04-08 00:27:27 [pool-3-thread-1] INFO  c.m.d.t.l.TwitterToKafkaStatusListener - Twitter status with text: "sem consectetur netus Spring odio mauris"
2022-04-08 00:27:27 [pool-3-thread-1] INFO  c.m.d.k.p.s.i.TwitterKafkaProducer - Sending message '{"userId": 1227168437988716452, "id": 7381528149778664757, "text": "sem consectetur netus Spring odio mauris", "createdAt": 1649366847000}' to topic 'twitter-topic'
2022-04-08 00:27:37 [pool-3-thread-1] INFO  c.m.d.t.l.TwitterToKafkaStatusListener - Twitter status with text: "ac ornare a risus turpis feugiat Kafka pellentesque amet turpis lectus lorem"
2022-04-08 00:27:37 [pool-3-thread-1] INFO  c.m.d.k.p.s.i.TwitterKafkaProducer - Sending message '{"userId": 8031800291861470315, "id": 7568761012732862661, "text": "ac ornare a risus turpis feugiat Kafka pellentesque amet turpis lectus lorem", "createdAt": 1649366857000}' to topic 'twitter-topic'
2022-04-08 00:27:47 [pool-3-thread-1] INFO  c.m.d.t.l.TwitterToKafkaStatusListener - Twitter status with text: "consectetur pellentesque morbi Kafka urna mauris"
2022-04-08 00:27:47 [pool-3-thread-1] INFO  c.m.d.k.p.s.i.TwitterKafkaProducer - Sending message '{"userId": 2398580505310693951, "id": 3557235554879926869, "text": "consectetur pellentesque morbi Kafka urna mauris", "createdAt": 1649366867000}' to topic 'twitter-topic'
2022-04-08 00:27:57 [pool-3-thread-1] INFO  c.m.d.t.l.TwitterToKafkaStatusListener - Twitter status with text: "pellentesque eleifend risus urna Spring ac lectus nisl"
2022-04-08 00:27:57 [pool-3-thread-1] INFO  c.m.d.k.p.s.i.TwitterKafkaProducer - Sending message '{"userId": 3998832532457949838, "id": 663006143895641551, "text": "pellentesque eleifend risus urna Spring ac lectus nisl", "createdAt": 1649366877000}' to topic 'twitter-topic'
2022-04-08 00:28:07 [pool-3-thread-1] INFO  c.m.d.t.l.TwitterToKafkaStatusListener - Twitter status with text: "bibendum elit eleifend porttitor Elasticsearch netus finibus ornare"
2022-04-08 00:28:07 [pool-3-thread-1] INFO  c.m.d.k.p.s.i.TwitterKafkaProducer - Sending message '{"userId": 3124166280093260390, "id": 1366059153529214173, "text": "bibendum elit eleifend porttitor Elasticsearch netus finibus ornare", "createdAt": 1649366887000}' to topic 'twitter-topic'
2022-04-08 00:28:17 [pool-3-thread-1] INFO  c.m.d.t.l.TwitterToKafkaStatusListener - Twitter status with text: "semper dapibus ornare netus Elasticsearch magna nibh elit"
2022-04-08 00:28:17 [pool-3-thread-1] INFO  c.m.d.k.p.s.i.TwitterKafkaProducer - Sending message '{"userId": 7881577246143677144, "id": 6933054000529631813, "text": "semper dapibus ornare netus Elasticsearch magna nibh elit", "createdAt": 1649366897000}' to topic 'twitter-topic'
2022-04-08 00:28:27 [pool-3-thread-1] INFO  c.m.d.t.l.TwitterToKafkaStatusListener - Twitter status with text: "porttitor consectetur nibh mi turpis adipiscing Kafka phasellus et habitant malesuada"
2022-04-08 00:28:27 [pool-3-thread-1] INFO  c.m.d.k.p.s.i.TwitterKafkaProducer - Sending message '{"userId": 5792537160228286603, "id": 2236829068329537968, "text": "porttitor consectetur nibh mi turpis adipiscing Kafka phasellus et habitant malesuada", "createdAt": 1649366907000}' to topic 'twitter-topic'
2022-04-08 00:28:37 [pool-3-thread-1] INFO  c.m.d.t.l.TwitterToKafkaStatusListener - Twitter status with text: "lectus feugiat lectus fames Kafka et ipsum aliquam"
2022-04-08 00:28:37 [pool-3-thread-1] INFO  c.m.d.k.p.s.i.TwitterKafkaProducer - Sending message '{"userId": 3888273567668567263, "id": 6882679734720310310, "text": "lectus feugiat lectus fames Kafka et ipsum aliquam", "createdAt": 1649366917000}' to topic 'twitter-topic'
2022-04-08 00:28:47 [pool-3-thread-1] INFO  c.m.d.t.l.TwitterToKafkaStatusListener - Twitter status with text: "phasellus tristique lorem rhoncus nisl sit pellentesque Spring cras risus non et feugiat sed"
2022-04-08 00:28:47 [pool-3-thread-1] INFO  c.m.d.k.p.s.i.TwitterKafkaProducer - Sending message '{"userId": 4167865316660681893, "id": 5186722059132945084, "text": "phasellus tristique lorem rhoncus nisl sit pellentesque Spring cras risus non et feugiat sed", "createdAt": 1649366927000}' to topic 'twitter-topic'
2022-04-08 00:28:57 [pool-3-thread-1] INFO  c.m.d.t.l.TwitterToKafkaStatusListener - Twitter status with text: "nibh ut sed pellentesque consectetur Spring lorem sit nibh"
2022-04-08 00:28:57 [pool-3-thread-1] INFO  c.m.d.k.p.s.i.TwitterKafkaProducer - Sending message '{"userId": 1673476194187491579, "id": 3245701993197107225, "text": "nibh ut sed pellentesque consectetur Spring lorem sit nibh", "createdAt": 1649366937000}' to topic 'twitter-topic'
2022-04-08 00:29:07 [pool-3-thread-1] INFO  c.m.d.t.l.TwitterToKafkaStatusListener - Twitter status with text: "mi ac sem lectus Microservices venenatis non"
2022-04-08 00:29:07 [pool-3-thread-1] INFO  c.m.d.k.p.s.i.TwitterKafkaProducer - Sending message '{"userId": 8870920587871173105, "id": 45240648211822237, "text": "mi ac sem lectus Microservices venenatis non", "createdAt": 1649366947000}' to topic 'twitter-topic'
2022-04-08 00:29:17 [pool-3-thread-1] INFO  c.m.d.t.l.TwitterToKafkaStatusListener - Twitter status with text: "dui morbi tristique finibus senectus tristique Spring ut pellentesque nisl pellentesque"
2022-04-08 00:29:17 [pool-3-thread-1] INFO  c.m.d.k.p.s.i.TwitterKafkaProducer - Sending message '{"userId": 702646950732062287, "id": 6257831219871616250, "text": "dui morbi tristique finibus senectus tristique Spring ut pellentesque nisl pellentesque", "createdAt": 1649366957000}' to topic 'twitter-topic'
2022-04-08 00:29:27 [pool-3-thread-1] INFO  c.m.d.t.l.TwitterToKafkaStatusListener - Twitter status with text: "consectetur sit phasellus consectetur venenatis ut Spring augue bibendum nibh risus"
2022-04-08 00:29:27 [pool-3-thread-1] INFO  c.m.d.k.p.s.i.TwitterKafkaProducer - Sending message '{"userId": 3407799413982623242, "id": 6432023818270805475, "text": "consectetur sit phasellus consectetur venenatis ut Spring augue bibendum nibh risus", "createdAt": 1649366967000}' to topic 'twitter-topic'
2022-04-08 00:29:37 [pool-3-thread-1] INFO  c.m.d.t.l.TwitterToKafkaStatusListener - Twitter status with text: "in ipsum cras Elasticsearch malesuada ut"
2022-04-08 00:29:37 [pool-3-thread-1] INFO  c.m.d.k.p.s.i.TwitterKafkaProducer - Sending message '{"userId": 2654384924660613911, "id": 3533767259820255323, "text": "in ipsum cras Elasticsearch malesuada ut", "createdAt": 1649366977000}' to topic 'twitter-topic'
2022-04-08 00:29:47 [pool-3-thread-1] INFO  c.m.d.t.l.TwitterToKafkaStatusListener - Twitter status with text: "non pellentesque id Spring a id"
2022-04-08 00:29:47 [pool-3-thread-1] INFO  c.m.d.k.p.s.i.TwitterKafkaProducer - Sending message '{"userId": 8123913992737950777, "id": 539678360792538867, "text": "non pellentesque id Spring a id", "createdAt": 1649366987000}' to topic 'twitter-topic'
2022-04-08 00:29:57 [pool-3-thread-1] INFO  c.m.d.t.l.TwitterToKafkaStatusListener - Twitter status with text: "rhoncus urna elit sem finibus a finibus urna Elasticsearch ut ut fames sem venenatis morbi adipiscing"
2022-04-08 00:29:57 [pool-3-thread-1] INFO  c.m.d.k.p.s.i.TwitterKafkaProducer - Sending message '{"userId": 4008321208835812695, "id": 6666774945651461792, "text": "rhoncus urna elit sem finibus a finibus urna Elasticsearch ut ut fames sem venenatis morbi adipiscing", "createdAt": 1649366997000}' to topic 'twitter-topic'
2022-04-08 00:30:07 [pool-3-thread-1] INFO  c.m.d.t.l.TwitterToKafkaStatusListener - Twitter status with text: "amet cras nisl nisl feugiat Spring euismod sit dolor"
2022-04-08 00:30:07 [pool-3-thread-1] INFO  c.m.d.k.p.s.i.TwitterKafkaProducer - Sending message '{"userId": 2959837367597134435, "id": 1129122092533080680, "text": "amet cras nisl nisl feugiat Spring euismod sit dolor", "createdAt": 1649367007000}' to topic 'twitter-topic'
2022-04-08 00:30:17 [pool-3-thread-1] INFO  c.m.d.t.l.TwitterToKafkaStatusListener - Twitter status with text: "lorem in fames porttitor lectus nibh bibendum magna Kafka phasellus sit consectetur lectus habitant rhoncus sem"
2022-04-08 00:30:17 [pool-3-thread-1] INFO  c.m.d.k.p.s.i.TwitterKafkaProducer - Sending message '{"userId": 1274867895283867119, "id": 9203432301586893636, "text": "lorem in fames porttitor lectus nibh bibendum magna Kafka phasellus sit consectetur lectus habitant rhoncus sem", "createdAt": 1649367017000}' to topic 'twitter-topic'
2022-04-08 00:30:27 [pool-3-thread-1] INFO  c.m.d.t.l.TwitterToKafkaStatusListener - Twitter status with text: "tristique elit dolor ut Java lorem cras"
2022-04-08 00:30:27 [pool-3-thread-1] INFO  c.m.d.k.p.s.i.TwitterKafkaProducer - Sending message '{"userId": 8761545094650277774, "id": 3088713772045792494, "text": "tristique elit dolor ut Java lorem cras", "createdAt": 1649367027000}' to topic 'twitter-topic'
2022-04-08 00:30:37 [pool-3-thread-1] INFO  c.m.d.t.l.TwitterToKafkaStatusListener - Twitter status with text: "et sit sit non non nibh feugiat Spring risus adipiscing urna dictum ipsum"
2022-04-08 00:30:37 [pool-3-thread-1] INFO  c.m.d.k.p.s.i.TwitterKafkaProducer - Sending message '{"userId": 2746857789076272367, "id": 880466538017979653, "text": "et sit sit non non nibh feugiat Spring risus adipiscing urna dictum ipsum", "createdAt": 1649367037000}' to topic 'twitter-topic'
2022-04-08 00:30:47 [pool-3-thread-1] INFO  c.m.d.t.l.TwitterToKafkaStatusListener - Twitter status with text: "id elit odio non dolor cursus Microservices morbi cursus et id"
2022-04-08 00:30:47 [pool-3-thread-1] INFO  c.m.d.k.p.s.i.TwitterKafkaProducer - Sending message '{"userId": 8004226060711652741, "id": 8540282912564208794, "text": "id elit odio non dolor cursus Microservices morbi cursus et id", "createdAt": 1649367047000}' to topic 'twitter-topic'
2022-04-08 00:30:57 [pool-3-thread-1] INFO  c.m.d.t.l.TwitterToKafkaStatusListener - Twitter status with text: "semper phasellus magna Microservices ut lectus"
2022-04-08 00:30:57 [pool-3-thread-1] INFO  c.m.d.k.p.s.i.TwitterKafkaProducer - Sending message '{"userId": 6565005757784872970, "id": 2581080966412482229, "text": "semper phasellus magna Microservices ut lectus", "createdAt": 1649367057000}' to topic 'twitter-topic'
2022-04-08 00:31:07 [pool-3-thread-1] INFO  c.m.d.t.l.TwitterToKafkaStatusListener - Twitter status with text: "pellentesque mi ornare sit Java nibh phasellus"
2022-04-08 00:31:07 [pool-3-thread-1] INFO  c.m.d.k.p.s.i.TwitterKafkaProducer - Sending message '{"userId": 719307570644812958, "id": 4207231749020494587, "text": "pellentesque mi ornare sit Java nibh phasellus", "createdAt": 1649367067000}' to topic 'twitter-topic'
2022-04-08 00:31:17 [pool-3-thread-1] INFO  c.m.d.t.l.TwitterToKafkaStatusListener - Twitter status with text: "odio magna pellentesque morbi lectus phasellus tristique Microservices sit a cursus morbi dui nisl"
2022-04-08 00:31:17 [pool-3-thread-1] INFO  c.m.d.k.p.s.i.TwitterKafkaProducer - Sending message '{"userId": 6965823069973982373, "id": 3650806127447536197, "text": "odio magna pellentesque morbi lectus phasellus tristique Microservices sit a cursus morbi dui nisl", "createdAt": 1649367077000}' to topic 'twitter-topic'
2022-04-08 00:31:27 [pool-3-thread-1] INFO  c.m.d.t.l.TwitterToKafkaStatusListener - Twitter status with text: "fames euismod ornare dolor ipsum et efficitur turpis Elasticsearch risus augue pellentesque dolor accumsan bibendum turpis"
2022-04-08 00:31:27 [pool-3-thread-1] INFO  c.m.d.k.p.s.i.TwitterKafkaProducer - Sending message '{"userId": 8220887721312573457, "id": 3676273682182600789, "text": "fames euismod ornare dolor ipsum et efficitur turpis Elasticsearch risus augue pellentesque dolor accumsan bibendum turpis", "createdAt": 1649367087000}' to topic 'twitter-topic'
2022-04-08 00:31:37 [pool-3-thread-1] INFO  c.m.d.t.l.TwitterToKafkaStatusListener - Twitter status with text: "cras ac feugiat finibus Java feugiat et elit"
2022-04-08 00:31:37 [pool-3-thread-1] INFO  c.m.d.k.p.s.i.TwitterKafkaProducer - Sending message '{"userId": 3607109271713330227, "id": 3591905632694777493, "text": "cras ac feugiat finibus Java feugiat et elit", "createdAt": 1649367097000}' to topic 'twitter-topic'
2022-04-08 00:31:47 [pool-3-thread-1] INFO  c.m.d.t.l.TwitterToKafkaStatusListener - Twitter status with text: "id sed ornare risus felis Spring ac morbi rhoncus turpis"
2022-04-08 00:31:47 [pool-3-thread-1] INFO  c.m.d.k.p.s.i.TwitterKafkaProducer - Sending message '{"userId": 4922490076959237729, "id": 2671121089985105663, "text": "id sed ornare risus felis Spring ac morbi rhoncus turpis", "createdAt": 1649367107000}' to topic 'twitter-topic'
2022-04-08 00:31:57 [pool-3-thread-1] INFO  c.m.d.t.l.TwitterToKafkaStatusListener - Twitter status with text: "feugiat lectus a cursus Kafka semper mi eleifend"
2022-04-08 00:31:57 [pool-3-thread-1] INFO  c.m.d.k.p.s.i.TwitterKafkaProducer - Sending message '{"userId": 6373855171680700248, "id": 234754147442955029, "text": "feugiat lectus a cursus Kafka semper mi eleifend", "createdAt": 1649367117000}' to topic 'twitter-topic'
2022-04-08 00:32:07 [pool-3-thread-1] INFO  c.m.d.t.l.TwitterToKafkaStatusListener - Twitter status with text: "lectus at feugiat nisl mi accumsan Kafka ut non feugiat pellentesque"
2022-04-08 00:32:07 [pool-3-thread-1] INFO  c.m.d.k.p.s.i.TwitterKafkaProducer - Sending message '{"userId": 885827265975777819, "id": 6605186051126802267, "text": "lectus at feugiat nisl mi accumsan Kafka ut non feugiat pellentesque", "createdAt": 1649367127000}' to topic 'twitter-topic'
2022-04-08 00:32:17 [pool-3-thread-1] INFO  c.m.d.t.l.TwitterToKafkaStatusListener - Twitter status with text: "magna ut lorem mauris lectus Kafka lectus rhoncus risus"
2022-04-08 00:32:17 [pool-3-thread-1] INFO  c.m.d.k.p.s.i.TwitterKafkaProducer - Sending message '{"userId": 8196178409546568050, "id": 5385492226184883968, "text": "magna ut lorem mauris lectus Kafka lectus rhoncus risus", "createdAt": 1649367137000}' to topic 'twitter-topic'
2022-04-08 00:32:27 [pool-3-thread-1] INFO  c.m.d.t.l.TwitterToKafkaStatusListener - Twitter status with text: "venenatis adipiscing semper dolor sit nisl ut pellentesque Elasticsearch dolor aliquam augue finibus ornare urna"
2022-04-08 00:32:27 [pool-3-thread-1] INFO  c.m.d.k.p.s.i.TwitterKafkaProducer - Sending message '{"userId": 1432093076421233187, "id": 2277264998078347039, "text": "venenatis adipiscing semper dolor sit nisl ut pellentesque Elasticsearch dolor aliquam augue finibus ornare urna", "createdAt": 1649367147000}' to topic 'twitter-topic'
2022-04-08 00:32:37 [pool-3-thread-1] INFO  c.m.d.t.l.TwitterToKafkaStatusListener - Twitter status with text: "senectus adipiscing porttitor elit Microservices rhoncus phasellus"
2022-04-08 00:32:37 [pool-3-thread-1] INFO  c.m.d.k.p.s.i.TwitterKafkaProducer - Sending message '{"userId": 2017344555736891509, "id": 1185925640792496724, "text": "senectus adipiscing porttitor elit Microservices rhoncus phasellus", "createdAt": 1649367157000}' to topic 'twitter-topic'
2022-04-08 00:32:47 [pool-3-thread-1] INFO  c.m.d.t.l.TwitterToKafkaStatusListener - Twitter status with text: "rhoncus sed porttitor dapibus ut lorem Java risus ipsum cursus aliquam aliquam"
2022-04-08 00:32:47 [pool-3-thread-1] INFO  c.m.d.k.p.s.i.TwitterKafkaProducer - Sending message '{"userId": 5666177061940846190, "id": 518995173905146159, "text": "rhoncus sed porttitor dapibus ut lorem Java risus ipsum cursus aliquam aliquam", "createdAt": 1649367167000}' to topic 'twitter-topic'
2022-04-08 00:32:57 [pool-3-thread-1] INFO  c.m.d.t.l.TwitterToKafkaStatusListener - Twitter status with text: "fames id sed eleifend Spring ut sit"
2022-04-08 00:32:57 [pool-3-thread-1] INFO  c.m.d.k.p.s.i.TwitterKafkaProducer - Sending message '{"userId": 4154702015545833772, "id": 1455104405379264484, "text": "fames id sed eleifend Spring ut sit", "createdAt": 1649367177000}' to topic 'twitter-topic'
2022-04-08 00:33:07 [pool-3-thread-1] INFO  c.m.d.t.l.TwitterToKafkaStatusListener - Twitter status with text: "rhoncus phasellus non Java ut feugiat"
2022-04-08 00:33:07 [pool-3-thread-1] INFO  c.m.d.k.p.s.i.TwitterKafkaProducer - Sending message '{"userId": 4385399566055872649, "id": 1992900561456570098, "text": "rhoncus phasellus non Java ut feugiat", "createdAt": 1649367187000}' to topic 'twitter-topic'
2022-04-08 00:33:17 [pool-3-thread-1] INFO  c.m.d.t.l.TwitterToKafkaStatusListener - Twitter status with text: "ipsum magna efficitur ipsum mauris malesuada magna Kafka non dapibus augue elit semper at"
2022-04-08 00:33:17 [pool-3-thread-1] INFO  c.m.d.k.p.s.i.TwitterKafkaProducer - Sending message '{"userId": 3346860974545638762, "id": 6427589416722351358, "text": "ipsum magna efficitur ipsum mauris malesuada magna Kafka non dapibus augue elit semper at", "createdAt": 1649367197000}' to topic 'twitter-topic'
2022-04-08 00:33:27 [pool-3-thread-1] INFO  c.m.d.t.l.TwitterToKafkaStatusListener - Twitter status with text: "habitant sit adipiscing ut aliquam nibh finibus Java tristique elit ornare non amet lectus"
2022-04-08 00:33:27 [pool-3-thread-1] INFO  c.m.d.k.p.s.i.TwitterKafkaProducer - Sending message '{"userId": 1306580102560491916, "id": 2417707138422472787, "text": "habitant sit adipiscing ut aliquam nibh finibus Java tristique elit ornare non amet lectus", "createdAt": 1649367207000}' to topic 'twitter-topic'
2022-04-08 00:33:37 [pool-3-thread-1] INFO  c.m.d.t.l.TwitterToKafkaStatusListener - Twitter status with text: "eleifend lectus aliquam non euismod finibus sit sit Java aliquam cras venenatis dapibus non elit"
2022-04-08 00:33:37 [pool-3-thread-1] INFO  c.m.d.k.p.s.i.TwitterKafkaProducer - Sending message '{"userId": 5026985531876890185, "id": 406945209154974828, "text": "eleifend lectus aliquam non euismod finibus sit sit Java aliquam cras venenatis dapibus non elit", "createdAt": 1649367217000}' to topic 'twitter-topic'
2022-04-08 00:33:47 [pool-3-thread-1] INFO  c.m.d.t.l.TwitterToKafkaStatusListener - Twitter status with text: "ipsum a porttitor rhoncus augue consectetur finibus Java dapibus mi egestas odio risus"
2022-04-08 00:33:47 [pool-3-thread-1] INFO  c.m.d.k.p.s.i.TwitterKafkaProducer - Sending message '{"userId": 1537523302197422882, "id": 796275619752072092, "text": "ipsum a porttitor rhoncus augue consectetur finibus Java dapibus mi egestas odio risus", "createdAt": 1649367227000}' to topic 'twitter-topic'
2022-04-08 00:33:57 [pool-3-thread-1] INFO  c.m.d.t.l.TwitterToKafkaStatusListener - Twitter status with text: "consectetur senectus in venenatis urna odio Microservices lorem lectus mauris ipsum"
2022-04-08 00:33:57 [pool-3-thread-1] INFO  c.m.d.k.p.s.i.TwitterKafkaProducer - Sending message '{"userId": 5002593490688381086, "id": 5279127960253408496, "text": "consectetur senectus in venenatis urna odio Microservices lorem lectus mauris ipsum", "createdAt": 1649367237000}' to topic 'twitter-topic'
2022-04-08 00:34:07 [pool-3-thread-1] INFO  c.m.d.t.l.TwitterToKafkaStatusListener - Twitter status with text: "egestas phasellus odio dictum venenatis Java ut consectetur mauris"
2022-04-08 00:34:07 [pool-3-thread-1] INFO  c.m.d.k.p.s.i.TwitterKafkaProducer - Sending message '{"userId": 3431303005575962991, "id": 768557262633294353, "text": "egestas phasellus odio dictum venenatis Java ut consectetur mauris", "createdAt": 1649367247000}' to topic 'twitter-topic'
2022-04-08 00:34:17 [pool-3-thread-1] INFO  c.m.d.t.l.TwitterToKafkaStatusListener - Twitter status with text: "sit mi nibh et elit dapibus et risus Spring magna adipiscing id lorem ac nisl sed"
2022-04-08 00:34:17 [pool-3-thread-1] INFO  c.m.d.k.p.s.i.TwitterKafkaProducer - Sending message '{"userId": 5943616287595835363, "id": 6621714073968633039, "text": "sit mi nibh et elit dapibus et risus Spring magna adipiscing id lorem ac nisl sed", "createdAt": 1649367257000}' to topic 'twitter-topic'
2022-04-08 00:34:28 [pool-3-thread-1] INFO  c.m.d.t.l.TwitterToKafkaStatusListener - Twitter status with text: "mauris aliquam consectetur senectus dui cursus Elasticsearch phasellus id risus accumsan"
2022-04-08 00:34:28 [pool-3-thread-1] INFO  c.m.d.k.p.s.i.TwitterKafkaProducer - Sending message '{"userId": 4828703551022401135, "id": 4412802632846900652, "text": "mauris aliquam consectetur senectus dui cursus Elasticsearch phasellus id risus accumsan", "createdAt": 1649367268000}' to topic 'twitter-topic'
2022-04-08 00:34:38 [pool-3-thread-1] INFO  c.m.d.t.l.TwitterToKafkaStatusListener - Twitter status with text: "felis lorem dui accumsan nibh sit turpis cursus Java mi augue turpis pellentesque ac elit semper"
2022-04-08 00:34:38 [pool-3-thread-1] INFO  c.m.d.k.p.s.i.TwitterKafkaProducer - Sending message '{"userId": 7730575972464476908, "id": 7113312724521653929, "text": "felis lorem dui accumsan nibh sit turpis cursus Java mi augue turpis pellentesque ac elit semper", "createdAt": 1649367278000}' to topic 'twitter-topic'
2022-04-08 00:34:48 [pool-3-thread-1] INFO  c.m.d.t.l.TwitterToKafkaStatusListener - Twitter status with text: "eleifend cras non elit Microservices in senectus ac"
2022-04-08 00:34:48 [pool-3-thread-1] INFO  c.m.d.k.p.s.i.TwitterKafkaProducer - Sending message '{"userId": 6120916749000879391, "id": 8514053148031320092, "text": "eleifend cras non elit Microservices in senectus ac", "createdAt": 1649367288000}' to topic 'twitter-topic'
2022-04-08 00:34:58 [pool-3-thread-1] INFO  c.m.d.t.l.TwitterToKafkaStatusListener - Twitter status with text: "id amet cursus efficitur Java sit venenatis rhoncus"
2022-04-08 00:34:58 [pool-3-thread-1] INFO  c.m.d.k.p.s.i.TwitterKafkaProducer - Sending message '{"userId": 896706954430527786, "id": 4216695396395576410, "text": "id amet cursus efficitur Java sit venenatis rhoncus", "createdAt": 1649367298000}' to topic 'twitter-topic'
2022-04-08 00:35:08 [pool-3-thread-1] INFO  c.m.d.t.l.TwitterToKafkaStatusListener - Twitter status with text: "in et finibus odio id Spring augue magna dapibus lectus"
2022-04-08 00:35:08 [pool-3-thread-1] INFO  c.m.d.k.p.s.i.TwitterKafkaProducer - Sending message '{"userId": 474136754611299624, "id": 7931644407105711705, "text": "in et finibus odio id Spring augue magna dapibus lectus", "createdAt": 1649367308000}' to topic 'twitter-topic'
2022-04-08 00:35:18 [pool-3-thread-1] INFO  c.m.d.t.l.TwitterToKafkaStatusListener - Twitter status with text: "feugiat et egestas elit pellentesque turpis Spring consectetur amet cras lorem sit"
2022-04-08 00:35:18 [pool-3-thread-1] INFO  c.m.d.k.p.s.i.TwitterKafkaProducer - Sending message '{"userId": 5143126258191803748, "id": 8495083800306611433, "text": "feugiat et egestas elit pellentesque turpis Spring consectetur amet cras lorem sit", "createdAt": 1649367318000}' to topic 'twitter-topic'
2022-04-08 00:35:28 [pool-3-thread-1] INFO  c.m.d.t.l.TwitterToKafkaStatusListener - Twitter status with text: "pellentesque sem amet bibendum venenatis nibh accumsan Elasticsearch at dolor et amet lectus felis"
2022-04-08 00:35:28 [pool-3-thread-1] INFO  c.m.d.k.p.s.i.TwitterKafkaProducer - Sending message '{"userId": 8318564276547679156, "id": 5406291377757711066, "text": "pellentesque sem amet bibendum venenatis nibh accumsan Elasticsearch at dolor et amet lectus felis", "createdAt": 1649367328000}' to topic 'twitter-topic'
2022-04-08 00:35:38 [pool-3-thread-1] INFO  c.m.d.t.l.TwitterToKafkaStatusListener - Twitter status with text: "nibh morbi dictum ut dolor morbi pellentesque Spring consectetur morbi eleifend magna urna lorem"
2022-04-08 00:35:38 [pool-3-thread-1] INFO  c.m.d.k.p.s.i.TwitterKafkaProducer - Sending message '{"userId": 8590680707618421406, "id": 6677155554563574738, "text": "nibh morbi dictum ut dolor morbi pellentesque Spring consectetur morbi eleifend magna urna lorem", "createdAt": 1649367338000}' to topic 'twitter-topic'
2022-04-08 00:35:48 [pool-3-thread-1] INFO  c.m.d.t.l.TwitterToKafkaStatusListener - Twitter status with text: "turpis pellentesque risus venenatis Elasticsearch phasellus tristique"
2022-04-08 00:35:48 [pool-3-thread-1] INFO  c.m.d.k.p.s.i.TwitterKafkaProducer - Sending message '{"userId": 3257037682075425796, "id": 4123802759301127919, "text": "turpis pellentesque risus venenatis Elasticsearch phasellus tristique", "createdAt": 1649367348000}' to topic 'twitter-topic'
2022-04-08 00:35:58 [pool-3-thread-1] INFO  c.m.d.t.l.TwitterToKafkaStatusListener - Twitter status with text: "venenatis amet magna egestas Microservices magna amet"
2022-04-08 00:35:58 [pool-3-thread-1] INFO  c.m.d.k.p.s.i.TwitterKafkaProducer - Sending message '{"userId": 6582309219001873457, "id": 204426573570597940, "text": "venenatis amet magna egestas Microservices magna amet", "createdAt": 1649367358000}' to topic 'twitter-topic'
2022-04-08 00:36:08 [pool-3-thread-1] INFO  c.m.d.t.l.TwitterToKafkaStatusListener - Twitter status with text: "dolor in pellentesque fames senectus habitant efficitur euismod Kafka aliquam augue tristique semper consectetur amet"
2022-04-08 00:36:08 [pool-3-thread-1] INFO  c.m.d.k.p.s.i.TwitterKafkaProducer - Sending message '{"userId": 1582747489098405311, "id": 4295949193221951043, "text": "dolor in pellentesque fames senectus habitant efficitur euismod Kafka aliquam augue tristique semper consectetur amet", "createdAt": 1649367368000}' to topic 'twitter-topic'
2022-04-08 00:36:18 [pool-3-thread-1] INFO  c.m.d.t.l.TwitterToKafkaStatusListener - Twitter status with text: "consectetur ac nibh Elasticsearch sit netus"
2022-04-08 00:36:18 [pool-3-thread-1] INFO  c.m.d.k.p.s.i.TwitterKafkaProducer - Sending message '{"userId": 8669383677275151572, "id": 6219141249819639086, "text": "consectetur ac nibh Elasticsearch sit netus", "createdAt": 1649367378000}' to topic 'twitter-topic'
2022-04-08 00:36:28 [pool-3-thread-1] INFO  c.m.d.t.l.TwitterToKafkaStatusListener - Twitter status with text: "lectus morbi felis egestas habitant Java ac ornare venenatis odio"
2022-04-08 00:36:28 [pool-3-thread-1] INFO  c.m.d.k.p.s.i.TwitterKafkaProducer - Sending message '{"userId": 4837792098543285192, "id": 626206292510048275, "text": "lectus morbi felis egestas habitant Java ac ornare venenatis odio", "createdAt": 1649367388000}' to topic 'twitter-topic'
2022-04-08 00:36:38 [pool-3-thread-1] INFO  c.m.d.t.l.TwitterToKafkaStatusListener - Twitter status with text: "risus eleifend ut accumsan et non dolor felis Microservices netus habitant phasellus sit rhoncus morbi"
2022-04-08 00:36:38 [pool-3-thread-1] INFO  c.m.d.k.p.s.i.TwitterKafkaProducer - Sending message '{"userId": 5825389231425352624, "id": 2833789837922254774, "text": "risus eleifend ut accumsan et non dolor felis Microservices netus habitant phasellus sit rhoncus morbi", "createdAt": 1649367398000}' to topic 'twitter-topic'
2022-04-08 00:36:48 [pool-3-thread-1] INFO  c.m.d.t.l.TwitterToKafkaStatusListener - Twitter status with text: "et lectus risus at Microservices dui non senectus"
2022-04-08 00:36:48 [pool-3-thread-1] INFO  c.m.d.k.p.s.i.TwitterKafkaProducer - Sending message '{"userId": 2474998165011796938, "id": 502418212584594528, "text": "et lectus risus at Microservices dui non senectus", "createdAt": 1649367408000}' to topic 'twitter-topic'
2022-04-08 00:36:58 [pool-3-thread-1] INFO  c.m.d.t.l.TwitterToKafkaStatusListener - Twitter status with text: "bibendum euismod semper venenatis porttitor ac accumsan Kafka bibendum felis at cursus lectus nibh"
2022-04-08 00:36:58 [pool-3-thread-1] INFO  c.m.d.k.p.s.i.TwitterKafkaProducer - Sending message '{"userId": 1066503322984665618, "id": 8643610530038096928, "text": "bibendum euismod semper venenatis porttitor ac accumsan Kafka bibendum felis at cursus lectus nibh", "createdAt": 1649367418000}' to topic 'twitter-topic'
2022-04-08 00:37:08 [pool-3-thread-1] INFO  c.m.d.t.l.TwitterToKafkaStatusListener - Twitter status with text: "turpis sed morbi consectetur mi Elasticsearch cras id senectus lectus"
2022-04-08 00:37:08 [pool-3-thread-1] INFO  c.m.d.k.p.s.i.TwitterKafkaProducer - Sending message '{"userId": 8766798520326999907, "id": 2725931390288999921, "text": "turpis sed morbi consectetur mi Elasticsearch cras id senectus lectus", "createdAt": 1649367428000}' to topic 'twitter-topic'
2022-04-08 00:37:18 [pool-3-thread-1] INFO  c.m.d.t.l.TwitterToKafkaStatusListener - Twitter status with text: "sem sed ac non sit Microservices mauris nibh id et"
2022-04-08 00:37:18 [pool-3-thread-1] INFO  c.m.d.k.p.s.i.TwitterKafkaProducer - Sending message '{"userId": 134175852815321459, "id": 8192919103871194142, "text": "sem sed ac non sit Microservices mauris nibh id et", "createdAt": 1649367438000}' to topic 'twitter-topic'
2022-04-08 00:37:21 [kafka-admin-client-thread | adminclient-1] INFO  o.a.kafka.common.utils.AppInfoParser - App info kafka.admin.client for adminclient-1 unregistered
2022-04-08 00:37:21 [kafka-admin-client-thread | adminclient-1] INFO  o.a.kafka.common.metrics.Metrics - Metrics scheduler closed
2022-04-08 00:37:21 [kafka-admin-client-thread | adminclient-1] INFO  o.a.kafka.common.metrics.Metrics - Closing reporter org.apache.kafka.common.metrics.JmxReporter
2022-04-08 00:37:21 [kafka-admin-client-thread | adminclient-1] INFO  o.a.kafka.common.metrics.Metrics - Metrics reporters closed
2022-04-08 00:37:21 [SpringApplicationShutdownHook] INFO  c.m.d.k.p.s.i.TwitterKafkaProducer - Closing kafka producer
2022-04-08 00:37:21 [SpringApplicationShutdownHook] INFO  o.a.k.clients.producer.KafkaProducer - [Producer clientId=producer-1] Closing the Kafka producer with timeoutMillis = 30000 ms.
2022-04-08 00:37:21 [SpringApplicationShutdownHook] INFO  o.a.kafka.common.metrics.Metrics - Metrics scheduler closed
2022-04-08 00:37:21 [SpringApplicationShutdownHook] INFO  o.a.kafka.common.metrics.Metrics - Closing reporter org.apache.kafka.common.metrics.JmxReporter
2022-04-08 00:37:21 [SpringApplicationShutdownHook] INFO  o.a.kafka.common.metrics.Metrics - Metrics reporters closed
2022-04-08 00:37:21 [SpringApplicationShutdownHook] INFO  o.a.kafka.common.utils.AppInfoParser - App info kafka.producer for producer-1 unregistered
