2022-04-07 23:22:07 [main] INFO  c.m.d.t.TwitterToKafkaServiceApplication - Starting TwitterToKafkaServiceApplication using Java 11.0.14.1 on wondercrunch-K53TK with PID 614 (/home/wondercrunch/event-driven-microservices-course/microservices-demo/twitter-to-kafka-service/target/classes started by wondercrunch in /home/wondercrunch/event-driven-microservices-course/microservices-demo)
2022-04-07 23:22:07 [main] INFO  c.m.d.t.TwitterToKafkaServiceApplication - No active profile set, falling back to 1 default profile: "default"
2022-04-07 23:22:15 [main] INFO  o.a.k.c.admin.AdminClientConfig - AdminClientConfig values: 
	bootstrap.servers = [localhost:19092, localhost:29092, localhost:39092]
	client.dns.lookup = use_all_dns_ips
	client.id = 
	connections.max.idle.ms = 300000
	default.api.timeout.ms = 60000
	metadata.max.age.ms = 300000
	metric.reporters = []
	metrics.num.samples = 2
	metrics.recording.level = INFO
	metrics.sample.window.ms = 30000
	receive.buffer.bytes = 65536
	reconnect.backoff.max.ms = 1000
	reconnect.backoff.ms = 50
	request.timeout.ms = 30000
	retries = 2147483647
	retry.backoff.ms = 100
	sasl.client.callback.handler.class = null
	sasl.jaas.config = null
	sasl.kerberos.kinit.cmd = /usr/bin/kinit
	sasl.kerberos.min.time.before.relogin = 60000
	sasl.kerberos.service.name = null
	sasl.kerberos.ticket.renew.jitter = 0.05
	sasl.kerberos.ticket.renew.window.factor = 0.8
	sasl.login.callback.handler.class = null
	sasl.login.class = null
	sasl.login.refresh.buffer.seconds = 300
	sasl.login.refresh.min.period.seconds = 60
	sasl.login.refresh.window.factor = 0.8
	sasl.login.refresh.window.jitter = 0.05
	sasl.mechanism = GSSAPI
	security.protocol = PLAINTEXT
	security.providers = null
	send.buffer.bytes = 131072
	socket.connection.setup.timeout.max.ms = 30000
	socket.connection.setup.timeout.ms = 10000
	ssl.cipher.suites = null
	ssl.enabled.protocols = [TLSv1.2, TLSv1.3]
	ssl.endpoint.identification.algorithm = https
	ssl.engine.factory.class = null
	ssl.key.password = null
	ssl.keymanager.algorithm = SunX509
	ssl.keystore.certificate.chain = null
	ssl.keystore.key = null
	ssl.keystore.location = null
	ssl.keystore.password = null
	ssl.keystore.type = JKS
	ssl.protocol = TLSv1.3
	ssl.provider = null
	ssl.secure.random.implementation = null
	ssl.trustmanager.algorithm = PKIX
	ssl.truststore.certificates = null
	ssl.truststore.location = null
	ssl.truststore.password = null
	ssl.truststore.type = JKS

2022-04-07 23:22:16 [main] INFO  o.a.kafka.common.utils.AppInfoParser - Kafka version: 3.0.1
2022-04-07 23:22:16 [main] INFO  o.a.kafka.common.utils.AppInfoParser - Kafka commitId: 8e30984f43e64d8b
2022-04-07 23:22:16 [main] INFO  o.a.kafka.common.utils.AppInfoParser - Kafka startTimeMs: 1649362936226
2022-04-07 23:22:20 [main] INFO  o.s.b.w.e.netty.NettyWebServer - Netty started on port 8080
2022-04-07 23:22:20 [main] INFO  c.m.d.t.TwitterToKafkaServiceApplication - Started TwitterToKafkaServiceApplication in 16.237 seconds (JVM running for 23.873)
2022-04-07 23:22:20 [main] INFO  c.m.d.t.TwitterToKafkaServiceApplication - App startup
2022-04-07 23:22:20 [main] INFO  c.m.d.k.a.config.KafkaAdminConfig - Creating 1 topics, attempt 0
2022-04-07 23:22:20 [main] INFO  c.m.d.k.a.config.KafkaAdminConfig - Reading kafka topic [twitter-topic], attempt 0
2022-04-07 23:22:21 [main] INFO  c.m.d.k.a.config.KafkaAdminConfig - Topic with name twitter-topic
2022-04-07 23:22:21 [main] INFO  c.m.d.k.a.config.KafkaAdminConfig - Topic with name _schemas
2022-04-07 23:22:23 [main] INFO  c.m.d.t.i.i.KafkaStreamInitializer - Topics with name twitter-topic are ready for operations
2022-04-07 23:22:24 [main] INFO  c.m.d.t.r.i.TwitterToKafkaStreamRunner - Started filtering twitter stream for keywords: [Java, Microservices, Spring, Kafka, Elasticsearch]
2022-04-07 23:22:24 [Twitter Stream consumer /  [1][initializing]] INFO  twitter4j.TwitterStreamImpl - Establishing connection.
2022-04-07 23:22:45 [Twitter Stream consumer /  [1][Establishing connection]] INFO  twitter4j.TwitterStreamImpl - connect timed out
2022-04-07 23:22:45 [Twitter Stream consumer /  [1][Establishing connection]] INFO  twitter4j.TwitterStreamImpl - Waiting for 250 milliseconds
2022-04-07 23:22:45 [Twitter Stream consumer /  [1][Waiting for 250 milliseconds]] INFO  twitter4j.TwitterStreamImpl - Establishing connection.
2022-04-07 23:22:51 [kafka-admin-client-thread | adminclient-1] INFO  o.a.kafka.common.utils.AppInfoParser - App info kafka.admin.client for adminclient-1 unregistered
2022-04-07 23:22:51 [kafka-admin-client-thread | adminclient-1] INFO  o.a.kafka.common.metrics.Metrics - Metrics scheduler closed
2022-04-07 23:22:51 [kafka-admin-client-thread | adminclient-1] INFO  o.a.kafka.common.metrics.Metrics - Closing reporter org.apache.kafka.common.metrics.JmxReporter
2022-04-07 23:22:51 [kafka-admin-client-thread | adminclient-1] INFO  o.a.kafka.common.metrics.Metrics - Metrics reporters closed
2022-04-07 23:22:51 [SpringApplicationShutdownHook] INFO  c.m.d.t.r.i.TwitterToKafkaStreamRunner - Closing twitter stream
2022-04-07 23:22:51 [SpringApplicationShutdownHook] INFO  c.m.d.k.p.s.i.TwitterKafkaProducer - Closing kafka producer
2022-04-07 23:24:30 [main] INFO  c.m.d.t.TwitterToKafkaServiceApplication - Starting TwitterToKafkaServiceApplication using Java 11.0.14.1 on wondercrunch-K53TK with PID 857 (/home/wondercrunch/event-driven-microservices-course/microservices-demo/twitter-to-kafka-service/target/classes started by wondercrunch in /home/wondercrunch/event-driven-microservices-course/microservices-demo)
2022-04-07 23:24:30 [main] INFO  c.m.d.t.TwitterToKafkaServiceApplication - No active profile set, falling back to 1 default profile: "default"
2022-04-07 23:24:35 [main] INFO  o.a.k.c.admin.AdminClientConfig - AdminClientConfig values: 
	bootstrap.servers = [localhost:19092, localhost:29092, localhost:39092]
	client.dns.lookup = use_all_dns_ips
	client.id = 
	connections.max.idle.ms = 300000
	default.api.timeout.ms = 60000
	metadata.max.age.ms = 300000
	metric.reporters = []
	metrics.num.samples = 2
	metrics.recording.level = INFO
	metrics.sample.window.ms = 30000
	receive.buffer.bytes = 65536
	reconnect.backoff.max.ms = 1000
	reconnect.backoff.ms = 50
	request.timeout.ms = 30000
	retries = 2147483647
	retry.backoff.ms = 100
	sasl.client.callback.handler.class = null
	sasl.jaas.config = null
	sasl.kerberos.kinit.cmd = /usr/bin/kinit
	sasl.kerberos.min.time.before.relogin = 60000
	sasl.kerberos.service.name = null
	sasl.kerberos.ticket.renew.jitter = 0.05
	sasl.kerberos.ticket.renew.window.factor = 0.8
	sasl.login.callback.handler.class = null
	sasl.login.class = null
	sasl.login.refresh.buffer.seconds = 300
	sasl.login.refresh.min.period.seconds = 60
	sasl.login.refresh.window.factor = 0.8
	sasl.login.refresh.window.jitter = 0.05
	sasl.mechanism = GSSAPI
	security.protocol = PLAINTEXT
	security.providers = null
	send.buffer.bytes = 131072
	socket.connection.setup.timeout.max.ms = 30000
	socket.connection.setup.timeout.ms = 10000
	ssl.cipher.suites = null
	ssl.enabled.protocols = [TLSv1.2, TLSv1.3]
	ssl.endpoint.identification.algorithm = https
	ssl.engine.factory.class = null
	ssl.key.password = null
	ssl.keymanager.algorithm = SunX509
	ssl.keystore.certificate.chain = null
	ssl.keystore.key = null
	ssl.keystore.location = null
	ssl.keystore.password = null
	ssl.keystore.type = JKS
	ssl.protocol = TLSv1.3
	ssl.provider = null
	ssl.secure.random.implementation = null
	ssl.trustmanager.algorithm = PKIX
	ssl.truststore.certificates = null
	ssl.truststore.location = null
	ssl.truststore.password = null
	ssl.truststore.type = JKS

2022-04-07 23:24:36 [main] INFO  o.a.kafka.common.utils.AppInfoParser - Kafka version: 3.0.1
2022-04-07 23:24:36 [main] INFO  o.a.kafka.common.utils.AppInfoParser - Kafka commitId: 8e30984f43e64d8b
2022-04-07 23:24:36 [main] INFO  o.a.kafka.common.utils.AppInfoParser - Kafka startTimeMs: 1649363076504
2022-04-07 23:24:39 [main] INFO  o.s.b.w.e.netty.NettyWebServer - Netty started on port 8080
2022-04-07 23:24:40 [main] INFO  c.m.d.t.TwitterToKafkaServiceApplication - Started TwitterToKafkaServiceApplication in 13.383 seconds (JVM running for 18.486)
2022-04-07 23:24:40 [main] INFO  c.m.d.t.TwitterToKafkaServiceApplication - App startup
2022-04-07 23:24:40 [main] INFO  c.m.d.k.a.config.KafkaAdminConfig - Creating 1 topics, attempt 0
2022-04-07 23:24:40 [main] INFO  c.m.d.k.a.config.KafkaAdminConfig - Reading kafka topic [twitter-topic], attempt 0
2022-04-07 23:24:40 [main] INFO  c.m.d.k.a.config.KafkaAdminConfig - Topic with name twitter-topic
2022-04-07 23:24:40 [main] INFO  c.m.d.k.a.config.KafkaAdminConfig - Topic with name _schemas
2022-04-07 23:24:41 [main] INFO  c.m.d.t.i.i.KafkaStreamInitializer - Topics with name twitter-topic are ready for operations
2022-04-07 23:24:42 [main] INFO  c.m.d.t.r.i.TwitterToKafkaStreamRunner - Started filtering twitter stream for keywords: [Java, Microservices, Spring, Kafka, Elasticsearch]
2022-04-07 23:24:42 [Twitter Stream consumer /  [1][initializing]] INFO  twitter4j.TwitterStreamImpl - Establishing connection.
2022-04-07 23:24:45 [Twitter Stream consumer /  [1][Establishing connection]] INFO  twitter4j.TwitterStreamImpl - 403:The request is understood, but it has been refused. An accompanying error message will explain why. This code is used when requests are being denied due to update limits (https://support.twitter.com/articles/15364-about-twitter-limits-update-api-dm-and-following).
message - You currently have Essential access which includes access to Twitter API v2 endpoints only. If you need access to this endpoint, you’ll need to apply for Elevated access via the Developer Portal. You can learn more here: https://developer.twitter.com/en/docs/twitter-api/getting-started/about-twitter-api#v2-access-leve
code - 453

2022-04-07 23:24:45 [Twitter Stream consumer /  [1][Establishing connection]] WARN  twitter4j.TwitterStreamImpl - This account is not in required role. 403:The request is understood, but it has been refused. An accompanying error message will explain why. This code is used when requests are being denied due to update limits (https://support.twitter.com/articles/15364-about-twitter-limits-update-api-dm-and-following).
message - You currently have Essential access which includes access to Twitter API v2 endpoints only. If you need access to this endpoint, you’ll need to apply for Elevated access via the Developer Portal. You can learn more here: https://developer.twitter.com/en/docs/twitter-api/getting-started/about-twitter-api#v2-access-leve
code - 453

2022-04-07 23:25:05 [kafka-admin-client-thread | adminclient-1] INFO  o.a.kafka.common.utils.AppInfoParser - App info kafka.admin.client for adminclient-1 unregistered
2022-04-07 23:25:05 [kafka-admin-client-thread | adminclient-1] INFO  o.a.kafka.common.metrics.Metrics - Metrics scheduler closed
2022-04-07 23:25:05 [kafka-admin-client-thread | adminclient-1] INFO  o.a.kafka.common.metrics.Metrics - Closing reporter org.apache.kafka.common.metrics.JmxReporter
2022-04-07 23:25:05 [kafka-admin-client-thread | adminclient-1] INFO  o.a.kafka.common.metrics.Metrics - Metrics reporters closed
2022-04-07 23:25:05 [SpringApplicationShutdownHook] INFO  c.m.d.t.r.i.TwitterToKafkaStreamRunner - Closing twitter stream
2022-04-07 23:25:05 [SpringApplicationShutdownHook] INFO  c.m.d.k.p.s.i.TwitterKafkaProducer - Closing kafka producer
