2022-04-12 18:49:32 [main] INFO  c.m.d.t.TwitterToKafkaServiceApplication - Starting TwitterToKafkaServiceApplication using Java 11.0.14.1 on wondercrunch-K53TK with PID 24272 (/home/wondercrunch/event-driven-microservices-course/microservices-demo/twitter-to-kafka-service/target/classes started by wondercrunch in /home/wondercrunch/event-driven-microservices-course/microservices-demo)
2022-04-12 18:49:32 [main] INFO  c.m.d.t.TwitterToKafkaServiceApplication - The following 1 profile is active: "twitter_to_kafka"
2022-04-12 18:49:32 [main] INFO  o.s.b.c.config.ConfigDataLoader - Fetching config from server at : http://localhost:8888
2022-04-12 18:49:32 [main] INFO  o.s.b.c.config.ConfigDataLoader - Located environment: name=twitter-to-kafka-service,config-client, profiles=[twitter_to_kafka], label=null, version=695d1f7b96450e8cc7326027660eae0267993f1f, state=null
2022-04-12 18:49:39 [main] INFO  o.s.cloud.context.scope.GenericScope - BeanFactory id=90963407-e2bb-3fa1-a3f2-ffad1ddf1c4e
2022-04-12 18:49:42 [main] INFO  o.a.k.c.admin.AdminClientConfig - AdminClientConfig values: 
	bootstrap.servers = [localhost:19092, localhost:29092, localhost:39092]
	client.dns.lookup = use_all_dns_ips
	client.id = 
	connections.max.idle.ms = 300000
	default.api.timeout.ms = 60000
	metadata.max.age.ms = 300000
	metric.reporters = []
	metrics.num.samples = 2
	metrics.recording.level = INFO
	metrics.sample.window.ms = 30000
	receive.buffer.bytes = 65536
	reconnect.backoff.max.ms = 1000
	reconnect.backoff.ms = 50
	request.timeout.ms = 30000
	retries = 2147483647
	retry.backoff.ms = 100
	sasl.client.callback.handler.class = null
	sasl.jaas.config = null
	sasl.kerberos.kinit.cmd = /usr/bin/kinit
	sasl.kerberos.min.time.before.relogin = 60000
	sasl.kerberos.service.name = null
	sasl.kerberos.ticket.renew.jitter = 0.05
	sasl.kerberos.ticket.renew.window.factor = 0.8
	sasl.login.callback.handler.class = null
	sasl.login.class = null
	sasl.login.refresh.buffer.seconds = 300
	sasl.login.refresh.min.period.seconds = 60
	sasl.login.refresh.window.factor = 0.8
	sasl.login.refresh.window.jitter = 0.05
	sasl.mechanism = GSSAPI
	security.protocol = PLAINTEXT
	security.providers = null
	send.buffer.bytes = 131072
	socket.connection.setup.timeout.max.ms = 30000
	socket.connection.setup.timeout.ms = 10000
	ssl.cipher.suites = null
	ssl.enabled.protocols = [TLSv1.2, TLSv1.3]
	ssl.endpoint.identification.algorithm = https
	ssl.engine.factory.class = null
	ssl.key.password = null
	ssl.keymanager.algorithm = SunX509
	ssl.keystore.certificate.chain = null
	ssl.keystore.key = null
	ssl.keystore.location = null
	ssl.keystore.password = null
	ssl.keystore.type = JKS
	ssl.protocol = TLSv1.3
	ssl.provider = null
	ssl.secure.random.implementation = null
	ssl.trustmanager.algorithm = PKIX
	ssl.truststore.certificates = null
	ssl.truststore.location = null
	ssl.truststore.password = null
	ssl.truststore.type = JKS

2022-04-12 18:49:43 [main] INFO  o.a.kafka.common.utils.AppInfoParser - Kafka version: 3.0.1
2022-04-12 18:49:43 [main] INFO  o.a.kafka.common.utils.AppInfoParser - Kafka commitId: 8e30984f43e64d8b
2022-04-12 18:49:43 [main] INFO  o.a.kafka.common.utils.AppInfoParser - Kafka startTimeMs: 1649778583787
2022-04-12 18:49:46 [main] INFO  o.s.b.a.s.r.ReactiveUserDetailsServiceAutoConfiguration - 

Using generated security password: cd524d21-57e1-49eb-b588-7463a4e6e716

2022-04-12 18:49:48 [main] INFO  o.s.b.w.e.netty.NettyWebServer - Netty started on port 8181
2022-04-12 18:49:48 [main] INFO  c.m.d.t.TwitterToKafkaServiceApplication - Started TwitterToKafkaServiceApplication in 29.116 seconds (JVM running for 35.892)
2022-04-12 18:49:48 [main] INFO  c.m.d.t.TwitterToKafkaServiceApplication - App startup
2022-04-12 18:49:58 [main] INFO  c.m.d.k.a.config.KafkaAdminConfig - Creating 1 topics, attempt 0
2022-04-12 18:49:58 [main] INFO  c.m.d.k.a.config.KafkaAdminConfig - Reading kafka topic [twitter-topic], attempt 0
2022-04-12 18:49:59 [main] INFO  c.m.d.k.a.config.KafkaAdminConfig - Topic with name twitter-topic
2022-04-12 18:49:59 [main] INFO  c.m.d.k.a.config.KafkaAdminConfig - Topic with name _schemas
2022-04-12 18:50:01 [main] INFO  c.m.d.t.i.i.KafkaStreamInitializer - Topics with name twitter-topic are ready for operations
2022-04-12 18:50:01 [main] INFO  c.m.d.t.r.impl.MockKafkaStreamRunner - Starting mock filtering twitter streams for keywords [Java, Microservices, Spring, Kafka, Elasticsearch]
2022-04-12 18:50:02 [pool-3-thread-1] INFO  c.m.d.t.l.TwitterToKafkaStatusListener - Twitter status with text: "venenatis odio dapibus egestas et netus Kafka urna ipsum dapibus ac"
2022-04-12 18:50:03 [pool-3-thread-1] INFO  c.m.d.k.p.s.i.TwitterKafkaProducer - Sending message '{"userId": 7935241222591438471, "id": 5004529258866660310, "text": "venenatis odio dapibus egestas et netus Kafka urna ipsum dapibus ac", "createdAt": 1649778602000}' to topic 'twitter-topic'
2022-04-12 18:50:03 [pool-3-thread-1] INFO  o.a.k.c.producer.ProducerConfig - ProducerConfig values: 
	acks = -1
	batch.size = 1638400
	bootstrap.servers = [localhost:19092, localhost:29092, localhost:39092]
	buffer.memory = 33554432
	client.dns.lookup = use_all_dns_ips
	client.id = producer-1
	compression.type = snappy
	connections.max.idle.ms = 540000
	delivery.timeout.ms = 120000
	enable.idempotence = true
	interceptor.classes = []
	key.serializer = class org.apache.kafka.common.serialization.LongSerializer
	linger.ms = 5
	max.block.ms = 60000
	max.in.flight.requests.per.connection = 5
	max.request.size = 1048576
	metadata.max.age.ms = 300000
	metadata.max.idle.ms = 300000
	metric.reporters = []
	metrics.num.samples = 2
	metrics.recording.level = INFO
	metrics.sample.window.ms = 30000
	partitioner.class = class org.apache.kafka.clients.producer.internals.DefaultPartitioner
	receive.buffer.bytes = 32768
	reconnect.backoff.max.ms = 1000
	reconnect.backoff.ms = 50
	request.timeout.ms = 60000
	retries = 5
	retry.backoff.ms = 100
	sasl.client.callback.handler.class = null
	sasl.jaas.config = null
	sasl.kerberos.kinit.cmd = /usr/bin/kinit
	sasl.kerberos.min.time.before.relogin = 60000
	sasl.kerberos.service.name = null
	sasl.kerberos.ticket.renew.jitter = 0.05
	sasl.kerberos.ticket.renew.window.factor = 0.8
	sasl.login.callback.handler.class = null
	sasl.login.class = null
	sasl.login.refresh.buffer.seconds = 300
	sasl.login.refresh.min.period.seconds = 60
	sasl.login.refresh.window.factor = 0.8
	sasl.login.refresh.window.jitter = 0.05
	sasl.mechanism = GSSAPI
	security.protocol = PLAINTEXT
	security.providers = null
	send.buffer.bytes = 131072
	socket.connection.setup.timeout.max.ms = 30000
	socket.connection.setup.timeout.ms = 10000
	ssl.cipher.suites = null
	ssl.enabled.protocols = [TLSv1.2, TLSv1.3]
	ssl.endpoint.identification.algorithm = https
	ssl.engine.factory.class = null
	ssl.key.password = null
	ssl.keymanager.algorithm = SunX509
	ssl.keystore.certificate.chain = null
	ssl.keystore.key = null
	ssl.keystore.location = null
	ssl.keystore.password = null
	ssl.keystore.type = JKS
	ssl.protocol = TLSv1.3
	ssl.provider = null
	ssl.secure.random.implementation = null
	ssl.trustmanager.algorithm = PKIX
	ssl.truststore.certificates = null
	ssl.truststore.location = null
	ssl.truststore.password = null
	ssl.truststore.type = JKS
	transaction.timeout.ms = 60000
	transactional.id = null
	value.serializer = class io.confluent.kafka.serializers.KafkaAvroSerializer

2022-04-12 18:50:03 [pool-3-thread-1] INFO  i.c.k.s.KafkaAvroSerializerConfig - KafkaAvroSerializerConfig values: 
	auto.register.schemas = true
	avro.reflection.allow.null = false
	avro.remove.java.properties = false
	avro.use.logical.type.converters = false
	basic.auth.credentials.source = URL
	basic.auth.user.info = [hidden]
	bearer.auth.credentials.source = STATIC_TOKEN
	bearer.auth.token = [hidden]
	context.name.strategy = class io.confluent.kafka.serializers.context.NullContextNameStrategy
	id.compatibility.strict = true
	key.subject.name.strategy = class io.confluent.kafka.serializers.subject.TopicNameStrategy
	latest.compatibility.strict = true
	max.schemas.per.subject = 1000
	normalize.schemas = false
	proxy.host = 
	proxy.port = -1
	schema.reflection = false
	schema.registry.basic.auth.user.info = [hidden]
	schema.registry.ssl.cipher.suites = null
	schema.registry.ssl.enabled.protocols = [TLSv1.2, TLSv1.3]
	schema.registry.ssl.endpoint.identification.algorithm = https
	schema.registry.ssl.engine.factory.class = null
	schema.registry.ssl.key.password = null
	schema.registry.ssl.keymanager.algorithm = SunX509
	schema.registry.ssl.keystore.certificate.chain = null
	schema.registry.ssl.keystore.key = null
	schema.registry.ssl.keystore.location = null
	schema.registry.ssl.keystore.password = null
	schema.registry.ssl.keystore.type = JKS
	schema.registry.ssl.protocol = TLSv1.3
	schema.registry.ssl.provider = null
	schema.registry.ssl.secure.random.implementation = null
	schema.registry.ssl.trustmanager.algorithm = PKIX
	schema.registry.ssl.truststore.certificates = null
	schema.registry.ssl.truststore.location = null
	schema.registry.ssl.truststore.password = null
	schema.registry.ssl.truststore.type = JKS
	schema.registry.url = [http://localhost:8081]
	use.latest.version = false
	use.schema.id = -1
	value.subject.name.strategy = class io.confluent.kafka.serializers.subject.TopicNameStrategy

2022-04-12 18:50:03 [pool-3-thread-1] INFO  o.a.k.clients.producer.KafkaProducer - [Producer clientId=producer-1] Instantiated an idempotent producer.
2022-04-12 18:50:03 [pool-3-thread-1] INFO  o.a.kafka.common.utils.AppInfoParser - Kafka version: 3.0.1
2022-04-12 18:50:03 [pool-3-thread-1] INFO  o.a.kafka.common.utils.AppInfoParser - Kafka commitId: 8e30984f43e64d8b
2022-04-12 18:50:03 [pool-3-thread-1] INFO  o.a.kafka.common.utils.AppInfoParser - Kafka startTimeMs: 1649778603764
2022-04-12 18:50:03 [kafka-producer-network-thread | producer-1] INFO  org.apache.kafka.clients.Metadata - [Producer clientId=producer-1] Resetting the last seen epoch of partition twitter-topic-0 to 0 since the associated topicId changed from null to Pp2bm2e3Qae6Ix5qh7lwqA
2022-04-12 18:50:03 [kafka-producer-network-thread | producer-1] INFO  org.apache.kafka.clients.Metadata - [Producer clientId=producer-1] Resetting the last seen epoch of partition twitter-topic-1 to 0 since the associated topicId changed from null to Pp2bm2e3Qae6Ix5qh7lwqA
2022-04-12 18:50:03 [kafka-producer-network-thread | producer-1] INFO  org.apache.kafka.clients.Metadata - [Producer clientId=producer-1] Resetting the last seen epoch of partition twitter-topic-2 to 0 since the associated topicId changed from null to Pp2bm2e3Qae6Ix5qh7lwqA
2022-04-12 18:50:03 [kafka-producer-network-thread | producer-1] INFO  org.apache.kafka.clients.Metadata - [Producer clientId=producer-1] Cluster ID: v861-aZDTeyqajynuJanJw
2022-04-12 18:50:03 [kafka-producer-network-thread | producer-1] INFO  o.a.k.c.p.i.TransactionManager - [Producer clientId=producer-1] ProducerId set to 0 with epoch 0
2022-04-12 18:50:15 [pool-3-thread-1] INFO  c.m.d.t.l.TwitterToKafkaStatusListener - Twitter status with text: "senectus rhoncus euismod cursus lectus augue Spring eleifend risus ac venenatis"
2022-04-12 18:50:15 [pool-3-thread-1] INFO  c.m.d.k.p.s.i.TwitterKafkaProducer - Sending message '{"userId": 2476241769752390655, "id": 4725716797035317488, "text": "senectus rhoncus euismod cursus lectus augue Spring eleifend risus ac venenatis", "createdAt": 1649778615000}' to topic 'twitter-topic'
2022-04-12 18:50:25 [pool-3-thread-1] INFO  c.m.d.t.l.TwitterToKafkaStatusListener - Twitter status with text: "senectus dui porttitor turpis urna habitant amet Java ut at fames a non pellentesque"
2022-04-12 18:50:25 [pool-3-thread-1] INFO  c.m.d.k.p.s.i.TwitterKafkaProducer - Sending message '{"userId": 5743566841242516793, "id": 7022412030221736726, "text": "senectus dui porttitor turpis urna habitant amet Java ut at fames a non pellentesque", "createdAt": 1649778625000}' to topic 'twitter-topic'
2022-04-12 18:50:35 [pool-3-thread-1] INFO  c.m.d.t.l.TwitterToKafkaStatusListener - Twitter status with text: "id et euismod id eleifend urna lectus Microservices lectus non accumsan morbi senectus"
2022-04-12 18:50:35 [pool-3-thread-1] INFO  c.m.d.k.p.s.i.TwitterKafkaProducer - Sending message '{"userId": 769174992999032462, "id": 9016435075300043926, "text": "id et euismod id eleifend urna lectus Microservices lectus non accumsan morbi senectus", "createdAt": 1649778635000}' to topic 'twitter-topic'
2022-04-12 18:50:45 [pool-3-thread-1] INFO  c.m.d.t.l.TwitterToKafkaStatusListener - Twitter status with text: "phasellus adipiscing finibus turpis euismod dui ut Java urna elit morbi pellentesque sed"
2022-04-12 18:50:45 [pool-3-thread-1] INFO  c.m.d.k.p.s.i.TwitterKafkaProducer - Sending message '{"userId": 5380826259895884900, "id": 2399157748452390721, "text": "phasellus adipiscing finibus turpis euismod dui ut Java urna elit morbi pellentesque sed", "createdAt": 1649778645000}' to topic 'twitter-topic'
2022-04-12 18:50:55 [pool-3-thread-1] INFO  c.m.d.t.l.TwitterToKafkaStatusListener - Twitter status with text: "tristique consectetur cursus Java finibus sit"
2022-04-12 18:50:55 [pool-3-thread-1] INFO  c.m.d.k.p.s.i.TwitterKafkaProducer - Sending message '{"userId": 1763962906059434173, "id": 4596000096615472475, "text": "tristique consectetur cursus Java finibus sit", "createdAt": 1649778655000}' to topic 'twitter-topic'
2022-04-12 18:51:05 [pool-3-thread-1] INFO  c.m.d.t.l.TwitterToKafkaStatusListener - Twitter status with text: "pellentesque porttitor consectetur aliquam et habitant in amet Spring cras venenatis accumsan egestas consectetur a id"
2022-04-12 18:51:05 [pool-3-thread-1] INFO  c.m.d.k.p.s.i.TwitterKafkaProducer - Sending message '{"userId": 4159526979959307911, "id": 8891542230921866332, "text": "pellentesque porttitor consectetur aliquam et habitant in amet Spring cras venenatis accumsan egestas consectetur a id", "createdAt": 1649778665000}' to topic 'twitter-topic'
2022-04-12 18:51:15 [pool-3-thread-1] INFO  c.m.d.t.l.TwitterToKafkaStatusListener - Twitter status with text: "et magna sem semper at lectus Elasticsearch consectetur sed sed elit id"
2022-04-12 18:51:15 [pool-3-thread-1] INFO  c.m.d.k.p.s.i.TwitterKafkaProducer - Sending message '{"userId": 9107008137127727701, "id": 6636525772201570372, "text": "et magna sem semper at lectus Elasticsearch consectetur sed sed elit id", "createdAt": 1649778675000}' to topic 'twitter-topic'
2022-04-12 18:51:25 [pool-3-thread-1] INFO  c.m.d.t.l.TwitterToKafkaStatusListener - Twitter status with text: "amet non sit phasellus Kafka lectus turpis et"
2022-04-12 18:51:25 [pool-3-thread-1] INFO  c.m.d.k.p.s.i.TwitterKafkaProducer - Sending message '{"userId": 3579315986998916093, "id": 4210645200280985532, "text": "amet non sit phasellus Kafka lectus turpis et", "createdAt": 1649778685000}' to topic 'twitter-topic'
2022-04-12 18:51:35 [pool-3-thread-1] INFO  c.m.d.t.l.TwitterToKafkaStatusListener - Twitter status with text: "ornare sed ut felis dictum dictum lectus adipiscing Microservices sed nibh cras eleifend semper porttitor turpis"
2022-04-12 18:51:35 [pool-3-thread-1] INFO  c.m.d.k.p.s.i.TwitterKafkaProducer - Sending message '{"userId": 3439427471845462198, "id": 4551288428855310707, "text": "ornare sed ut felis dictum dictum lectus adipiscing Microservices sed nibh cras eleifend semper porttitor turpis", "createdAt": 1649778695000}' to topic 'twitter-topic'
2022-04-12 18:51:45 [pool-3-thread-1] INFO  c.m.d.t.l.TwitterToKafkaStatusListener - Twitter status with text: "lectus lectus dapibus lectus tristique cras in Microservices morbi urna pellentesque non fames"
2022-04-12 18:51:45 [pool-3-thread-1] INFO  c.m.d.k.p.s.i.TwitterKafkaProducer - Sending message '{"userId": 3112179160298523530, "id": 4907236891590433981, "text": "lectus lectus dapibus lectus tristique cras in Microservices morbi urna pellentesque non fames", "createdAt": 1649778705000}' to topic 'twitter-topic'
2022-04-12 18:51:55 [pool-3-thread-1] INFO  c.m.d.t.l.TwitterToKafkaStatusListener - Twitter status with text: "dictum id consectetur finibus Java accumsan felis"
2022-04-12 18:51:55 [pool-3-thread-1] INFO  c.m.d.k.p.s.i.TwitterKafkaProducer - Sending message '{"userId": 1983952190006686721, "id": 8597557759889747260, "text": "dictum id consectetur finibus Java accumsan felis", "createdAt": 1649778715000}' to topic 'twitter-topic'
2022-04-12 18:52:05 [pool-3-thread-1] INFO  c.m.d.t.l.TwitterToKafkaStatusListener - Twitter status with text: "et amet sed a venenatis ut Spring cursus morbi phasellus amet"
2022-04-12 18:52:05 [pool-3-thread-1] INFO  c.m.d.k.p.s.i.TwitterKafkaProducer - Sending message '{"userId": 5283382500205412349, "id": 171714312620583371, "text": "et amet sed a venenatis ut Spring cursus morbi phasellus amet", "createdAt": 1649778725000}' to topic 'twitter-topic'
2022-04-12 18:52:15 [pool-3-thread-1] INFO  c.m.d.t.l.TwitterToKafkaStatusListener - Twitter status with text: "semper risus lectus fames Microservices et senectus consectetur"
2022-04-12 18:52:15 [pool-3-thread-1] INFO  c.m.d.k.p.s.i.TwitterKafkaProducer - Sending message '{"userId": 4737368296479134450, "id": 3448379363345897744, "text": "semper risus lectus fames Microservices et senectus consectetur", "createdAt": 1649778735000}' to topic 'twitter-topic'
2022-04-12 18:52:25 [pool-3-thread-1] INFO  c.m.d.t.l.TwitterToKafkaStatusListener - Twitter status with text: "dui tristique rhoncus accumsan Microservices dui mauris efficitur"
2022-04-12 18:52:25 [pool-3-thread-1] INFO  c.m.d.k.p.s.i.TwitterKafkaProducer - Sending message '{"userId": 7161484120016689488, "id": 7925155481353544558, "text": "dui tristique rhoncus accumsan Microservices dui mauris efficitur", "createdAt": 1649778745000}' to topic 'twitter-topic'
2022-04-12 18:52:35 [pool-3-thread-1] INFO  c.m.d.t.l.TwitterToKafkaStatusListener - Twitter status with text: "dapibus ut efficitur sem pellentesque sed Elasticsearch at et tristique sit malesuada"
2022-04-12 18:52:35 [pool-3-thread-1] INFO  c.m.d.k.p.s.i.TwitterKafkaProducer - Sending message '{"userId": 5670737723808852840, "id": 5896637029344867758, "text": "dapibus ut efficitur sem pellentesque sed Elasticsearch at et tristique sit malesuada", "createdAt": 1649778755000}' to topic 'twitter-topic'
2022-04-12 18:52:45 [pool-3-thread-1] INFO  c.m.d.t.l.TwitterToKafkaStatusListener - Twitter status with text: "morbi a ac odio nibh Kafka lorem id dolor elit"
2022-04-12 18:52:45 [pool-3-thread-1] INFO  c.m.d.k.p.s.i.TwitterKafkaProducer - Sending message '{"userId": 5911518011902137114, "id": 2997010755187323097, "text": "morbi a ac odio nibh Kafka lorem id dolor elit", "createdAt": 1649778765000}' to topic 'twitter-topic'
2022-04-12 18:52:55 [pool-3-thread-1] INFO  c.m.d.t.l.TwitterToKafkaStatusListener - Twitter status with text: "non ut consectetur non felis non porttitor Microservices et non amet turpis magna cursus"
2022-04-12 18:52:55 [pool-3-thread-1] INFO  c.m.d.k.p.s.i.TwitterKafkaProducer - Sending message '{"userId": 683008431581745125, "id": 1731024165737409002, "text": "non ut consectetur non felis non porttitor Microservices et non amet turpis magna cursus", "createdAt": 1649778775000}' to topic 'twitter-topic'
2022-04-12 18:53:05 [pool-3-thread-1] INFO  c.m.d.t.l.TwitterToKafkaStatusListener - Twitter status with text: "elit porttitor tristique aliquam ac morbi euismod dapibus Microservices aliquam ut porttitor netus in ut augue"
2022-04-12 18:53:05 [pool-3-thread-1] INFO  c.m.d.k.p.s.i.TwitterKafkaProducer - Sending message '{"userId": 1098090749011073920, "id": 8751425218188505202, "text": "elit porttitor tristique aliquam ac morbi euismod dapibus Microservices aliquam ut porttitor netus in ut augue", "createdAt": 1649778785000}' to topic 'twitter-topic'
2022-04-12 18:53:15 [pool-3-thread-1] INFO  c.m.d.t.l.TwitterToKafkaStatusListener - Twitter status with text: "morbi lorem ut amet elit semper Java turpis sit feugiat fames cursus"
2022-04-12 18:53:15 [pool-3-thread-1] INFO  c.m.d.k.p.s.i.TwitterKafkaProducer - Sending message '{"userId": 3749674023607012353, "id": 8818877971531166585, "text": "morbi lorem ut amet elit semper Java turpis sit feugiat fames cursus", "createdAt": 1649778795000}' to topic 'twitter-topic'
2022-04-12 18:53:25 [pool-3-thread-1] INFO  c.m.d.t.l.TwitterToKafkaStatusListener - Twitter status with text: "dictum a semper dapibus Spring habitant risus"
2022-04-12 18:53:25 [pool-3-thread-1] INFO  c.m.d.k.p.s.i.TwitterKafkaProducer - Sending message '{"userId": 2143531552232533250, "id": 6152709860274478073, "text": "dictum a semper dapibus Spring habitant risus", "createdAt": 1649778805000}' to topic 'twitter-topic'
2022-04-12 18:53:35 [pool-3-thread-1] INFO  c.m.d.t.l.TwitterToKafkaStatusListener - Twitter status with text: "amet ac feugiat porttitor ac pellentesque ornare mi Elasticsearch morbi augue elit dictum aliquam ac"
2022-04-12 18:53:35 [pool-3-thread-1] INFO  c.m.d.k.p.s.i.TwitterKafkaProducer - Sending message '{"userId": 1057163165943389625, "id": 1160302599126517459, "text": "amet ac feugiat porttitor ac pellentesque ornare mi Elasticsearch morbi augue elit dictum aliquam ac", "createdAt": 1649778815000}' to topic 'twitter-topic'
2022-04-12 18:53:45 [pool-3-thread-1] INFO  c.m.d.t.l.TwitterToKafkaStatusListener - Twitter status with text: "netus odio pellentesque risus felis mi efficitur sed Elasticsearch at bibendum turpis risus dapibus augue finibus"
2022-04-12 18:53:45 [pool-3-thread-1] INFO  c.m.d.k.p.s.i.TwitterKafkaProducer - Sending message '{"userId": 4290205225157518585, "id": 2060609096742189255, "text": "netus odio pellentesque risus felis mi efficitur sed Elasticsearch at bibendum turpis risus dapibus augue finibus", "createdAt": 1649778825000}' to topic 'twitter-topic'
2022-04-12 18:53:55 [pool-3-thread-1] INFO  c.m.d.t.l.TwitterToKafkaStatusListener - Twitter status with text: "ut felis sit dui lectus nibh senectus habitant Spring a morbi felis sit risus ut felis"
2022-04-12 18:53:55 [pool-3-thread-1] INFO  c.m.d.k.p.s.i.TwitterKafkaProducer - Sending message '{"userId": 6661384658883669225, "id": 3226674724976465875, "text": "ut felis sit dui lectus nibh senectus habitant Spring a morbi felis sit risus ut felis", "createdAt": 1649778835000}' to topic 'twitter-topic'
2022-04-12 18:54:05 [pool-3-thread-1] INFO  c.m.d.t.l.TwitterToKafkaStatusListener - Twitter status with text: "odio consectetur urna pellentesque sem dolor mauris amet Spring aliquam ac pellentesque pellentesque efficitur in consectetur"
2022-04-12 18:54:05 [pool-3-thread-1] INFO  c.m.d.k.p.s.i.TwitterKafkaProducer - Sending message '{"userId": 8020962448200505461, "id": 601031524963072102, "text": "odio consectetur urna pellentesque sem dolor mauris amet Spring aliquam ac pellentesque pellentesque efficitur in consectetur", "createdAt": 1649778845000}' to topic 'twitter-topic'
2022-04-12 18:54:15 [pool-3-thread-1] INFO  c.m.d.t.l.TwitterToKafkaStatusListener - Twitter status with text: "dui morbi semper pellentesque finibus consectetur sit Elasticsearch non consectetur phasellus cursus turpis nisl"
2022-04-12 18:54:15 [pool-3-thread-1] INFO  c.m.d.k.p.s.i.TwitterKafkaProducer - Sending message '{"userId": 1280032592023921385, "id": 62386937565312031, "text": "dui morbi semper pellentesque finibus consectetur sit Elasticsearch non consectetur phasellus cursus turpis nisl", "createdAt": 1649778855000}' to topic 'twitter-topic'
2022-04-12 18:54:25 [pool-3-thread-1] INFO  c.m.d.t.l.TwitterToKafkaStatusListener - Twitter status with text: "risus rhoncus sit elit pellentesque amet mi Kafka et felis cursus augue id"
2022-04-12 18:54:25 [pool-3-thread-1] INFO  c.m.d.k.p.s.i.TwitterKafkaProducer - Sending message '{"userId": 1125293658829188283, "id": 9103500836092410741, "text": "risus rhoncus sit elit pellentesque amet mi Kafka et felis cursus augue id", "createdAt": 1649778865000}' to topic 'twitter-topic'
2022-04-12 18:54:35 [pool-3-thread-1] INFO  c.m.d.t.l.TwitterToKafkaStatusListener - Twitter status with text: "elit augue netus consectetur Elasticsearch nibh dolor morbi"
2022-04-12 18:54:35 [pool-3-thread-1] INFO  c.m.d.k.p.s.i.TwitterKafkaProducer - Sending message '{"userId": 2928113278657311629, "id": 8316386479379968372, "text": "elit augue netus consectetur Elasticsearch nibh dolor morbi", "createdAt": 1649778875000}' to topic 'twitter-topic'
2022-04-12 18:54:45 [pool-3-thread-1] INFO  c.m.d.t.l.TwitterToKafkaStatusListener - Twitter status with text: "sit at eleifend Microservices nisl cursus"
2022-04-12 18:54:45 [pool-3-thread-1] INFO  c.m.d.k.p.s.i.TwitterKafkaProducer - Sending message '{"userId": 3202141444049554920, "id": 8613722583048620580, "text": "sit at eleifend Microservices nisl cursus", "createdAt": 1649778885000}' to topic 'twitter-topic'
2022-04-12 18:54:55 [pool-3-thread-1] INFO  c.m.d.t.l.TwitterToKafkaStatusListener - Twitter status with text: "consectetur nibh bibendum lorem phasellus mi Elasticsearch senectus euismod accumsan rhoncus nisl"
2022-04-12 18:54:55 [pool-3-thread-1] INFO  c.m.d.k.p.s.i.TwitterKafkaProducer - Sending message '{"userId": 7896601460348464432, "id": 2441354849144421282, "text": "consectetur nibh bibendum lorem phasellus mi Elasticsearch senectus euismod accumsan rhoncus nisl", "createdAt": 1649778895000}' to topic 'twitter-topic'
2022-04-12 18:55:00 [kafka-admin-client-thread | adminclient-1] INFO  o.a.kafka.common.utils.AppInfoParser - App info kafka.admin.client for adminclient-1 unregistered
2022-04-12 18:55:00 [kafka-admin-client-thread | adminclient-1] INFO  o.a.kafka.common.metrics.Metrics - Metrics scheduler closed
2022-04-12 18:55:00 [kafka-admin-client-thread | adminclient-1] INFO  o.a.kafka.common.metrics.Metrics - Closing reporter org.apache.kafka.common.metrics.JmxReporter
2022-04-12 18:55:00 [kafka-admin-client-thread | adminclient-1] INFO  o.a.kafka.common.metrics.Metrics - Metrics reporters closed
2022-04-12 18:55:00 [SpringApplicationShutdownHook] INFO  c.m.d.k.p.s.i.TwitterKafkaProducer - Closing kafka producer
2022-04-12 18:55:00 [SpringApplicationShutdownHook] INFO  o.a.k.clients.producer.KafkaProducer - [Producer clientId=producer-1] Closing the Kafka producer with timeoutMillis = 30000 ms.
2022-04-12 18:55:00 [SpringApplicationShutdownHook] INFO  o.a.kafka.common.metrics.Metrics - Metrics scheduler closed
2022-04-12 18:55:00 [SpringApplicationShutdownHook] INFO  o.a.kafka.common.metrics.Metrics - Closing reporter org.apache.kafka.common.metrics.JmxReporter
2022-04-12 18:55:00 [SpringApplicationShutdownHook] INFO  o.a.kafka.common.metrics.Metrics - Metrics reporters closed
2022-04-12 18:55:00 [SpringApplicationShutdownHook] INFO  o.a.kafka.common.utils.AppInfoParser - App info kafka.producer for producer-1 unregistered
